<testsuites id="" name="" tests="160" failures="130" skipped="2" errors="0" time="240.68275900000003">
<testsuite name="responsive-ui-ux.spec.ts" timestamp="2025-06-11T23:37:50.432Z" hostname="desktop-chrome-1920" tests="10" failures="10" skipped="0" time="31.823" errors="0">
<testcase name="Responsive UI/UX Testing Suite › Landing Page Responsive Design › should display properly on all viewport sizes" classname="responsive-ui-ux.spec.ts" time="3.07">
<failure message="responsive-ui-ux.spec.ts:46:9 should display properly on all viewport sizes" type="FAILURE">
<![CDATA[  [desktop-chrome-1920] › responsive-ui-ux.spec.ts:46:9 › Responsive UI/UX Testing Suite › Landing Page Responsive Design › should display properly on all viewport sizes 

    Error: browserContext.newPage: Target page, context or browser has been closed
    Browser logs:

    <launching> /Users/thabonyembe/Library/Caches/ms-playwright/chromium-1097/chrome-mac/Chromium.app/Contents/MacOS/Chromium --disable-field-trial-config --disable-background-networking --enable-features=NetworkService,NetworkServiceInProcess --disable-background-timer-throttling --disable-backgrounding-occluded-windows --disable-back-forward-cache --disable-breakpad --disable-client-side-phishing-detection --disable-component-extensions-with-background-pages --disable-component-update --no-default-browser-check --disable-default-apps --disable-dev-shm-usage --disable-extensions --disable-features=ImprovedCookieControls,LazyFrameLoading,GlobalMediaControls,DestroyProfileOnBrowserClose,MediaRouter,DialMediaRouteProvider,AcceptCHFrame,AutoExpandDetailsElement,CertificateTransparencyComponentUpdater,AvoidUnnecessaryBeforeUnloadCheckSync,Translate,HttpsUpgrades,PaintHolding --allow-pre-commit-input --disable-hang-monitor --disable-ipc-flooding-protection --disable-popup-blocking --disable-prompt-on-repost --disable-renderer-backgrounding --force-color-profile=srgb --metrics-recording-only --no-first-run --enable-automation --password-store=basic --use-mock-keychain --no-service-autorun --export-tagged-pdf --disable-search-engine-choice-screen --enable-use-zoom-for-dsf=false --no-sandbox --user-data-dir=/var/folders/g0/h_vmczvs61jf4r7kzhq0ypg40000gn/T/playwright_chromiumdev_profile-725M5b --remote-debugging-pipe --no-startup-window
    <launched> pid=36577
    [pid=36577][err] [36577:259:0612/013750.958455:ERROR:policy_logger.cc(156)] :components/enterprise/browser/controller/chrome_browser_cloud_management_controller.cc(161) Cloud management controller initialization aborted as CBCM is not enabled. Please use the `--enable-chrome-browser-cloud-management` command line flag to enable it if you are not using the official Google Chrome build.
    [pid=36577][err] [0612/013751.797294:WARNING:crash_report_exception_handler.cc(235)] UniversalExceptionRaise: (os/kern) failure (5)
    [pid=36577] <process did exit: exitCode=null, signal=SIGTRAP>
    [pid=36577] starting temporary directories cleanup


    Retry #1 ───────────────────────────────────────────────────────────────────────────────────────

    TargetClosedError: Target page, context or browser has been closed


    Retry #2 ───────────────────────────────────────────────────────────────────────────────────────

    Error: browserContext.newPage: Target page, context or browser has been closed
    Browser logs:

    <launching> /Users/thabonyembe/Library/Caches/ms-playwright/chromium-1097/chrome-mac/Chromium.app/Contents/MacOS/Chromium --disable-field-trial-config --disable-background-networking --enable-features=NetworkService,NetworkServiceInProcess --disable-background-timer-throttling --disable-backgrounding-occluded-windows --disable-back-forward-cache --disable-breakpad --disable-client-side-phishing-detection --disable-component-extensions-with-background-pages --disable-component-update --no-default-browser-check --disable-default-apps --disable-dev-shm-usage --disable-extensions --disable-features=ImprovedCookieControls,LazyFrameLoading,GlobalMediaControls,DestroyProfileOnBrowserClose,MediaRouter,DialMediaRouteProvider,AcceptCHFrame,AutoExpandDetailsElement,CertificateTransparencyComponentUpdater,AvoidUnnecessaryBeforeUnloadCheckSync,Translate,HttpsUpgrades,PaintHolding --allow-pre-commit-input --disable-hang-monitor --disable-ipc-flooding-protection --disable-popup-blocking --disable-prompt-on-repost --disable-renderer-backgrounding --force-color-profile=srgb --metrics-recording-only --no-first-run --enable-automation --password-store=basic --use-mock-keychain --no-service-autorun --export-tagged-pdf --disable-search-engine-choice-screen --enable-use-zoom-for-dsf=false --no-sandbox --user-data-dir=/var/folders/g0/h_vmczvs61jf4r7kzhq0ypg40000gn/T/playwright_chromiumdev_profile-FrtGjI --remote-debugging-pipe --no-startup-window
    <launched> pid=36682
    [pid=36682][err] [36682:259:0612/013754.746356:ERROR:policy_logger.cc(156)] :components/enterprise/browser/controller/chrome_browser_cloud_management_controller.cc(161) Cloud management controller initialization aborted as CBCM is not enabled. Please use the `--enable-chrome-browser-cloud-management` command line flag to enable it if you are not using the official Google Chrome build.
    [pid=36682][err] [0612/013755.699052:WARNING:crash_report_exception_handler.cc(235)] UniversalExceptionRaise: (os/kern) failure (5)
    [pid=36682] <process did exit: exitCode=null, signal=SIGTRAP>
    [pid=36682] starting temporary directories cleanup

]]>
</failure>
</testcase>
<testcase name="Responsive UI/UX Testing Suite › Landing Page Responsive Design › should handle navigation interactions properly" classname="responsive-ui-ux.spec.ts" time="3.586">
<failure message="responsive-ui-ux.spec.ts:92:9 should handle navigation interactions properly" type="FAILURE">
<![CDATA[  [desktop-chrome-1920] › responsive-ui-ux.spec.ts:92:9 › Responsive UI/UX Testing Suite › Landing Page Responsive Design › should handle navigation interactions properly 

    Error: browserContext.newPage: Target page, context or browser has been closed
    Browser logs:

    <launching> /Users/thabonyembe/Library/Caches/ms-playwright/chromium-1097/chrome-mac/Chromium.app/Contents/MacOS/Chromium --disable-field-trial-config --disable-background-networking --enable-features=NetworkService,NetworkServiceInProcess --disable-background-timer-throttling --disable-backgrounding-occluded-windows --disable-back-forward-cache --disable-breakpad --disable-client-side-phishing-detection --disable-component-extensions-with-background-pages --disable-component-update --no-default-browser-check --disable-default-apps --disable-dev-shm-usage --disable-extensions --disable-features=ImprovedCookieControls,LazyFrameLoading,GlobalMediaControls,DestroyProfileOnBrowserClose,MediaRouter,DialMediaRouteProvider,AcceptCHFrame,AutoExpandDetailsElement,CertificateTransparencyComponentUpdater,AvoidUnnecessaryBeforeUnloadCheckSync,Translate,HttpsUpgrades,PaintHolding --allow-pre-commit-input --disable-hang-monitor --disable-ipc-flooding-protection --disable-popup-blocking --disable-prompt-on-repost --disable-renderer-backgrounding --force-color-profile=srgb --metrics-recording-only --no-first-run --enable-automation --password-store=basic --use-mock-keychain --no-service-autorun --export-tagged-pdf --disable-search-engine-choice-screen --enable-use-zoom-for-dsf=false --no-sandbox --user-data-dir=/var/folders/g0/h_vmczvs61jf4r7kzhq0ypg40000gn/T/playwright_chromiumdev_profile-Ufw4Gs --remote-debugging-pipe --no-startup-window
    <launched> pid=36578
    [pid=36578][err] [36578:259:0612/013750.958433:ERROR:policy_logger.cc(156)] :components/enterprise/browser/controller/chrome_browser_cloud_management_controller.cc(161) Cloud management controller initialization aborted as CBCM is not enabled. Please use the `--enable-chrome-browser-cloud-management` command line flag to enable it if you are not using the official Google Chrome build.
    [pid=36578][err] [0612/013751.807795:WARNING:crash_report_exception_handler.cc(235)] UniversalExceptionRaise: (os/kern) failure (5)
    [pid=36578] <process did exit: exitCode=null, signal=SIGTRAP>
    [pid=36578] starting temporary directories cleanup


    Retry #1 ───────────────────────────────────────────────────────────────────────────────────────

    TargetClosedError: Target page, context or browser has been closed


    Retry #2 ───────────────────────────────────────────────────────────────────────────────────────

    TargetClosedError: Target page, context or browser has been closed

]]>
</failure>
</testcase>
<testcase name="Responsive UI/UX Testing Suite › Dashboard Responsive Layout › should display dashboard layout correctly" classname="responsive-ui-ux.spec.ts" time="3.056">
<failure message="responsive-ui-ux.spec.ts:133:9 should display dashboard layout correctly" type="FAILURE">
<![CDATA[  [desktop-chrome-1920] › responsive-ui-ux.spec.ts:133:9 › Responsive UI/UX Testing Suite › Dashboard Responsive Layout › should display dashboard layout correctly 

    Error: browserContext.newPage: Target page, context or browser has been closed
    Browser logs:

    <launching> /Users/thabonyembe/Library/Caches/ms-playwright/chromium-1097/chrome-mac/Chromium.app/Contents/MacOS/Chromium --disable-field-trial-config --disable-background-networking --enable-features=NetworkService,NetworkServiceInProcess --disable-background-timer-throttling --disable-backgrounding-occluded-windows --disable-back-forward-cache --disable-breakpad --disable-client-side-phishing-detection --disable-component-extensions-with-background-pages --disable-component-update --no-default-browser-check --disable-default-apps --disable-dev-shm-usage --disable-extensions --disable-features=ImprovedCookieControls,LazyFrameLoading,GlobalMediaControls,DestroyProfileOnBrowserClose,MediaRouter,DialMediaRouteProvider,AcceptCHFrame,AutoExpandDetailsElement,CertificateTransparencyComponentUpdater,AvoidUnnecessaryBeforeUnloadCheckSync,Translate,HttpsUpgrades,PaintHolding --allow-pre-commit-input --disable-hang-monitor --disable-ipc-flooding-protection --disable-popup-blocking --disable-prompt-on-repost --disable-renderer-backgrounding --force-color-profile=srgb --metrics-recording-only --no-first-run --enable-automation --password-store=basic --use-mock-keychain --no-service-autorun --export-tagged-pdf --disable-search-engine-choice-screen --enable-use-zoom-for-dsf=false --no-sandbox --user-data-dir=/var/folders/g0/h_vmczvs61jf4r7kzhq0ypg40000gn/T/playwright_chromiumdev_profile-T36ewF --remote-debugging-pipe --no-startup-window
    <launched> pid=36580
    [pid=36580][err] [36580:259:0612/013750.956360:ERROR:policy_logger.cc(156)] :components/enterprise/browser/controller/chrome_browser_cloud_management_controller.cc(161) Cloud management controller initialization aborted as CBCM is not enabled. Please use the `--enable-chrome-browser-cloud-management` command line flag to enable it if you are not using the official Google Chrome build.
    [pid=36580][err] [0612/013751.825052:WARNING:crash_report_exception_handler.cc(235)] UniversalExceptionRaise: (os/kern) failure (5)
    [pid=36580] <process did exit: exitCode=null, signal=SIGTRAP>
    [pid=36580] starting temporary directories cleanup


    Retry #1 ───────────────────────────────────────────────────────────────────────────────────────

    TargetClosedError: Target page, context or browser has been closed


    Retry #2 ───────────────────────────────────────────────────────────────────────────────────────

    Error: browserContext.newPage: Target page, context or browser has been closed
    Browser logs:

    <launching> /Users/thabonyembe/Library/Caches/ms-playwright/chromium-1097/chrome-mac/Chromium.app/Contents/MacOS/Chromium --disable-field-trial-config --disable-background-networking --enable-features=NetworkService,NetworkServiceInProcess --disable-background-timer-throttling --disable-backgrounding-occluded-windows --disable-back-forward-cache --disable-breakpad --disable-client-side-phishing-detection --disable-component-extensions-with-background-pages --disable-component-update --no-default-browser-check --disable-default-apps --disable-dev-shm-usage --disable-extensions --disable-features=ImprovedCookieControls,LazyFrameLoading,GlobalMediaControls,DestroyProfileOnBrowserClose,MediaRouter,DialMediaRouteProvider,AcceptCHFrame,AutoExpandDetailsElement,CertificateTransparencyComponentUpdater,AvoidUnnecessaryBeforeUnloadCheckSync,Translate,HttpsUpgrades,PaintHolding --allow-pre-commit-input --disable-hang-monitor --disable-ipc-flooding-protection --disable-popup-blocking --disable-prompt-on-repost --disable-renderer-backgrounding --force-color-profile=srgb --metrics-recording-only --no-first-run --enable-automation --password-store=basic --use-mock-keychain --no-service-autorun --export-tagged-pdf --disable-search-engine-choice-screen --enable-use-zoom-for-dsf=false --no-sandbox --user-data-dir=/var/folders/g0/h_vmczvs61jf4r7kzhq0ypg40000gn/T/playwright_chromiumdev_profile-nnZyJ4 --remote-debugging-pipe --no-startup-window
    <launched> pid=36681
    [pid=36681][err] [36681:259:0612/013754.755396:ERROR:policy_logger.cc(156)] :components/enterprise/browser/controller/chrome_browser_cloud_management_controller.cc(161) Cloud management controller initialization aborted as CBCM is not enabled. Please use the `--enable-chrome-browser-cloud-management` command line flag to enable it if you are not using the official Google Chrome build.
    [pid=36681][err] [0612/013755.672532:WARNING:crash_report_exception_handler.cc(235)] UniversalExceptionRaise: (os/kern) failure (5)

]]>
</failure>
</testcase>
<testcase name="Responsive UI/UX Testing Suite › Dashboard Responsive Layout › should handle dashboard navigation properly" classname="responsive-ui-ux.spec.ts" time="3.697">
<failure message="responsive-ui-ux.spec.ts:192:9 should handle dashboard navigation properly" type="FAILURE">
<![CDATA[  [desktop-chrome-1920] › responsive-ui-ux.spec.ts:192:9 › Responsive UI/UX Testing Suite › Dashboard Responsive Layout › should handle dashboard navigation properly 

    TargetClosedError: Target page, context or browser has been closed


    Retry #1 ───────────────────────────────────────────────────────────────────────────────────────

    TargetClosedError: Target page, context or browser has been closed


    Retry #2 ───────────────────────────────────────────────────────────────────────────────────────

    TargetClosedError: Target page, context or browser has been closed

]]>
</failure>
</testcase>
<testcase name="Responsive UI/UX Testing Suite › Component Responsive Behavior › should render forms responsively" classname="responsive-ui-ux.spec.ts" time="2.895">
<failure message="responsive-ui-ux.spec.ts:230:9 should render forms responsively" type="FAILURE">
<![CDATA[  [desktop-chrome-1920] › responsive-ui-ux.spec.ts:230:9 › Responsive UI/UX Testing Suite › Component Responsive Behavior › should render forms responsively 

    TargetClosedError: Target page, context or browser has been closed


    Retry #1 ───────────────────────────────────────────────────────────────────────────────────────

    Error: browserContext.newPage: Target page, context or browser has been closed
    Browser logs:

    <launching> /Users/thabonyembe/Library/Caches/ms-playwright/chromium-1097/chrome-mac/Chromium.app/Contents/MacOS/Chromium --disable-field-trial-config --disable-background-networking --enable-features=NetworkService,NetworkServiceInProcess --disable-background-timer-throttling --disable-backgrounding-occluded-windows --disable-back-forward-cache --disable-breakpad --disable-client-side-phishing-detection --disable-component-extensions-with-background-pages --disable-component-update --no-default-browser-check --disable-default-apps --disable-dev-shm-usage --disable-extensions --disable-features=ImprovedCookieControls,LazyFrameLoading,GlobalMediaControls,DestroyProfileOnBrowserClose,MediaRouter,DialMediaRouteProvider,AcceptCHFrame,AutoExpandDetailsElement,CertificateTransparencyComponentUpdater,AvoidUnnecessaryBeforeUnloadCheckSync,Translate,HttpsUpgrades,PaintHolding --allow-pre-commit-input --disable-hang-monitor --disable-ipc-flooding-protection --disable-popup-blocking --disable-prompt-on-repost --disable-renderer-backgrounding --force-color-profile=srgb --metrics-recording-only --no-first-run --enable-automation --password-store=basic --use-mock-keychain --no-service-autorun --export-tagged-pdf --disable-search-engine-choice-screen --enable-use-zoom-for-dsf=false --no-sandbox --user-data-dir=/var/folders/g0/h_vmczvs61jf4r7kzhq0ypg40000gn/T/playwright_chromiumdev_profile-qnONTv --remote-debugging-pipe --no-startup-window
    <launched> pid=36784
    [pid=36784][err] [36784:259:0612/013757.954409:ERROR:policy_logger.cc(156)] :components/enterprise/browser/controller/chrome_browser_cloud_management_controller.cc(161) Cloud management controller initialization aborted as CBCM is not enabled. Please use the `--enable-chrome-browser-cloud-management` command line flag to enable it if you are not using the official Google Chrome build.
    [pid=36784][err] [0612/013758.697825:WARNING:crash_report_exception_handler.cc(235)] UniversalExceptionRaise: (os/kern) failure (5)


    Retry #2 ───────────────────────────────────────────────────────────────────────────────────────

    TargetClosedError: Target page, context or browser has been closed

]]>
</failure>
</testcase>
<testcase name="Responsive UI/UX Testing Suite › Component Responsive Behavior › should handle modal dialogs responsively" classname="responsive-ui-ux.spec.ts" time="3.568">
<failure message="responsive-ui-ux.spec.ts:274:9 should handle modal dialogs responsively" type="FAILURE">
<![CDATA[  [desktop-chrome-1920] › responsive-ui-ux.spec.ts:274:9 › Responsive UI/UX Testing Suite › Component Responsive Behavior › should handle modal dialogs responsively 

    TargetClosedError: Target page, context or browser has been closed


    Retry #1 ───────────────────────────────────────────────────────────────────────────────────────

    TargetClosedError: Target page, context or browser has been closed


    Retry #2 ───────────────────────────────────────────────────────────────────────────────────────

    TargetClosedError: Target page, context or browser has been closed

]]>
</failure>
</testcase>
<testcase name="Responsive UI/UX Testing Suite › Touch and Interaction Testing › should handle touch interactions on mobile devices" classname="responsive-ui-ux.spec.ts" time="3.129">
<failure message="responsive-ui-ux.spec.ts:314:9 should handle touch interactions on mobile devices" type="FAILURE">
<![CDATA[  [desktop-chrome-1920] › responsive-ui-ux.spec.ts:314:9 › Responsive UI/UX Testing Suite › Touch and Interaction Testing › should handle touch interactions on mobile devices 

    Error: browserContext.newPage: Target page, context or browser has been closed
    Browser logs:

    <launching> /Users/thabonyembe/Library/Caches/ms-playwright/chromium-1097/chrome-mac/Chromium.app/Contents/MacOS/Chromium --disable-field-trial-config --disable-background-networking --enable-features=NetworkService,NetworkServiceInProcess --disable-background-timer-throttling --disable-backgrounding-occluded-windows --disable-back-forward-cache --disable-breakpad --disable-client-side-phishing-detection --disable-component-extensions-with-background-pages --disable-component-update --no-default-browser-check --disable-default-apps --disable-dev-shm-usage --disable-extensions --disable-features=ImprovedCookieControls,LazyFrameLoading,GlobalMediaControls,DestroyProfileOnBrowserClose,MediaRouter,DialMediaRouteProvider,AcceptCHFrame,AutoExpandDetailsElement,CertificateTransparencyComponentUpdater,AvoidUnnecessaryBeforeUnloadCheckSync,Translate,HttpsUpgrades,PaintHolding --allow-pre-commit-input --disable-hang-monitor --disable-ipc-flooding-protection --disable-popup-blocking --disable-prompt-on-repost --disable-renderer-backgrounding --force-color-profile=srgb --metrics-recording-only --no-first-run --enable-automation --password-store=basic --use-mock-keychain --no-service-autorun --export-tagged-pdf --disable-search-engine-choice-screen --enable-use-zoom-for-dsf=false --no-sandbox --user-data-dir=/var/folders/g0/h_vmczvs61jf4r7kzhq0ypg40000gn/T/playwright_chromiumdev_profile-U366q3 --remote-debugging-pipe --no-startup-window
    <launched> pid=36764
    [pid=36764][err] [36764:259:0612/013756.982630:ERROR:policy_logger.cc(156)] :components/enterprise/browser/controller/chrome_browser_cloud_management_controller.cc(161) Cloud management controller initialization aborted as CBCM is not enabled. Please use the `--enable-chrome-browser-cloud-management` command line flag to enable it if you are not using the official Google Chrome build.
    [pid=36764][err] [0612/013757.665393:WARNING:crash_report_exception_handler.cc(235)] UniversalExceptionRaise: (os/kern) failure (5)
    [pid=36764] <process did exit: exitCode=null, signal=SIGTRAP>
    [pid=36764] starting temporary directories cleanup


    Retry #1 ───────────────────────────────────────────────────────────────────────────────────────

    TargetClosedError: Target page, context or browser has been closed


    Retry #2 ───────────────────────────────────────────────────────────────────────────────────────

    TargetClosedError: Target page, context or browser has been closed

]]>
</failure>
</testcase>
<testcase name="Responsive UI/UX Testing Suite › Performance and Accessibility › should meet accessibility standards" classname="responsive-ui-ux.spec.ts" time="3.196">
<failure message="responsive-ui-ux.spec.ts:363:9 should meet accessibility standards" type="FAILURE">
<![CDATA[  [desktop-chrome-1920] › responsive-ui-ux.spec.ts:363:9 › Responsive UI/UX Testing Suite › Performance and Accessibility › should meet accessibility standards 

    TargetClosedError: Target page, context or browser has been closed


    Retry #1 ───────────────────────────────────────────────────────────────────────────────────────

    TargetClosedError: Target page, context or browser has been closed


    Retry #2 ───────────────────────────────────────────────────────────────────────────────────────

    TargetClosedError: Target page, context or browser has been closed

]]>
</failure>
</testcase>
<testcase name="Responsive UI/UX Testing Suite › Performance and Accessibility › should have reasonable load times" classname="responsive-ui-ux.spec.ts" time="2.726">
<failure message="responsive-ui-ux.spec.ts:398:9 should have reasonable load times" type="FAILURE">
<![CDATA[  [desktop-chrome-1920] › responsive-ui-ux.spec.ts:398:9 › Responsive UI/UX Testing Suite › Performance and Accessibility › should have reasonable load times 

    TargetClosedError: Target page, context or browser has been closed


    Retry #1 ───────────────────────────────────────────────────────────────────────────────────────

    TargetClosedError: Target page, context or browser has been closed


    Retry #2 ───────────────────────────────────────────────────────────────────────────────────────

    TargetClosedError: Target page, context or browser has been closed

]]>
</failure>
</testcase>
<testcase name="Responsive UI/UX Testing Suite › Cross-viewport Consistency › should maintain consistent branding and styling" classname="responsive-ui-ux.spec.ts" time="2.9">
<failure message="responsive-ui-ux.spec.ts:434:9 should maintain consistent branding and styling" type="FAILURE">
<![CDATA[  [desktop-chrome-1920] › responsive-ui-ux.spec.ts:434:9 › Responsive UI/UX Testing Suite › Cross-viewport Consistency › should maintain consistent branding and styling 

    TargetClosedError: Target page, context or browser has been closed


    Retry #1 ───────────────────────────────────────────────────────────────────────────────────────

    TargetClosedError: Target page, context or browser has been closed


    Retry #2 ───────────────────────────────────────────────────────────────────────────────────────

    TargetClosedError: Target page, context or browser has been closed

]]>
</failure>
</testcase>
</testsuite>
<testsuite name="responsive-ui-ux.spec.ts" timestamp="2025-06-11T23:37:50.432Z" hostname="desktop-chrome-1366" tests="10" failures="10" skipped="0" time="28.536" errors="0">
<testcase name="Responsive UI/UX Testing Suite › Landing Page Responsive Design › should display properly on all viewport sizes" classname="responsive-ui-ux.spec.ts" time="2.767">
<failure message="responsive-ui-ux.spec.ts:46:9 should display properly on all viewport sizes" type="FAILURE">
<![CDATA[  [desktop-chrome-1366] › responsive-ui-ux.spec.ts:46:9 › Responsive UI/UX Testing Suite › Landing Page Responsive Design › should display properly on all viewport sizes 

    TargetClosedError: Target page, context or browser has been closed


    Retry #1 ───────────────────────────────────────────────────────────────────────────────────────

    TargetClosedError: Target page, context or browser has been closed


    Retry #2 ───────────────────────────────────────────────────────────────────────────────────────

    TargetClosedError: Target page, context or browser has been closed

]]>
</failure>
</testcase>
<testcase name="Responsive UI/UX Testing Suite › Landing Page Responsive Design › should handle navigation interactions properly" classname="responsive-ui-ux.spec.ts" time="2.932">
<failure message="responsive-ui-ux.spec.ts:92:9 should handle navigation interactions properly" type="FAILURE">
<![CDATA[  [desktop-chrome-1366] › responsive-ui-ux.spec.ts:92:9 › Responsive UI/UX Testing Suite › Landing Page Responsive Design › should handle navigation interactions properly 

    TargetClosedError: Target page, context or browser has been closed


    Retry #1 ───────────────────────────────────────────────────────────────────────────────────────

    TargetClosedError: Target page, context or browser has been closed


    Retry #2 ───────────────────────────────────────────────────────────────────────────────────────

    TargetClosedError: Target page, context or browser has been closed

]]>
</failure>
</testcase>
<testcase name="Responsive UI/UX Testing Suite › Dashboard Responsive Layout › should display dashboard layout correctly" classname="responsive-ui-ux.spec.ts" time="2.258">
<failure message="responsive-ui-ux.spec.ts:133:9 should display dashboard layout correctly" type="FAILURE">
<![CDATA[  [desktop-chrome-1366] › responsive-ui-ux.spec.ts:133:9 › Responsive UI/UX Testing Suite › Dashboard Responsive Layout › should display dashboard layout correctly 

    Error: browserContext.newPage: Target page, context or browser has been closed
    Browser logs:

    <launching> /Users/thabonyembe/Library/Caches/ms-playwright/chromium-1097/chrome-mac/Chromium.app/Contents/MacOS/Chromium --disable-field-trial-config --disable-background-networking --enable-features=NetworkService,NetworkServiceInProcess --disable-background-timer-throttling --disable-backgrounding-occluded-windows --disable-back-forward-cache --disable-breakpad --disable-client-side-phishing-detection --disable-component-extensions-with-background-pages --disable-component-update --no-default-browser-check --disable-default-apps --disable-dev-shm-usage --disable-extensions --disable-features=ImprovedCookieControls,LazyFrameLoading,GlobalMediaControls,DestroyProfileOnBrowserClose,MediaRouter,DialMediaRouteProvider,AcceptCHFrame,AutoExpandDetailsElement,CertificateTransparencyComponentUpdater,AvoidUnnecessaryBeforeUnloadCheckSync,Translate,HttpsUpgrades,PaintHolding --allow-pre-commit-input --disable-hang-monitor --disable-ipc-flooding-protection --disable-popup-blocking --disable-prompt-on-repost --disable-renderer-backgrounding --force-color-profile=srgb --metrics-recording-only --no-first-run --enable-automation --password-store=basic --use-mock-keychain --no-service-autorun --export-tagged-pdf --disable-search-engine-choice-screen --enable-use-zoom-for-dsf=false --no-sandbox --user-data-dir=/var/folders/g0/h_vmczvs61jf4r7kzhq0ypg40000gn/T/playwright_chromiumdev_profile-cCKXpg --remote-debugging-pipe --no-startup-window
    <launched> pid=37057
    [pid=37057][err] [37057:259:0612/013805.896020:ERROR:policy_logger.cc(156)] :components/enterprise/browser/controller/chrome_browser_cloud_management_controller.cc(161) Cloud management controller initialization aborted as CBCM is not enabled. Please use the `--enable-chrome-browser-cloud-management` command line flag to enable it if you are not using the official Google Chrome build.
    [pid=37057][err] [0612/013806.367397:WARNING:crash_report_exception_handler.cc(235)] UniversalExceptionRaise: (os/kern) failure (5)
    [pid=37057] <process did exit: exitCode=null, signal=SIGTRAP>
    [pid=37057] starting temporary directories cleanup


    Retry #1 ───────────────────────────────────────────────────────────────────────────────────────

    TargetClosedError: Target page, context or browser has been closed


    Retry #2 ───────────────────────────────────────────────────────────────────────────────────────

    TargetClosedError: Target page, context or browser has been closed

]]>
</failure>
</testcase>
<testcase name="Responsive UI/UX Testing Suite › Dashboard Responsive Layout › should handle dashboard navigation properly" classname="responsive-ui-ux.spec.ts" time="3.162">
<failure message="responsive-ui-ux.spec.ts:192:9 should handle dashboard navigation properly" type="FAILURE">
<![CDATA[  [desktop-chrome-1366] › responsive-ui-ux.spec.ts:192:9 › Responsive UI/UX Testing Suite › Dashboard Responsive Layout › should handle dashboard navigation properly 

    TargetClosedError: Target page, context or browser has been closed


    Retry #1 ───────────────────────────────────────────────────────────────────────────────────────

    TargetClosedError: Target page, context or browser has been closed


    Retry #2 ───────────────────────────────────────────────────────────────────────────────────────

    TargetClosedError: Target page, context or browser has been closed

]]>
</failure>
</testcase>
<testcase name="Responsive UI/UX Testing Suite › Component Responsive Behavior › should render forms responsively" classname="responsive-ui-ux.spec.ts" time="2.547">
<failure message="responsive-ui-ux.spec.ts:230:9 should render forms responsively" type="FAILURE">
<![CDATA[  [desktop-chrome-1366] › responsive-ui-ux.spec.ts:230:9 › Responsive UI/UX Testing Suite › Component Responsive Behavior › should render forms responsively 

    TargetClosedError: Target page, context or browser has been closed


    Retry #1 ───────────────────────────────────────────────────────────────────────────────────────

    Error: browserContext.newPage: Target page, context or browser has been closed
    Browser logs:

    <launching> /Users/thabonyembe/Library/Caches/ms-playwright/chromium-1097/chrome-mac/Chromium.app/Contents/MacOS/Chromium --disable-field-trial-config --disable-background-networking --enable-features=NetworkService,NetworkServiceInProcess --disable-background-timer-throttling --disable-backgrounding-occluded-windows --disable-back-forward-cache --disable-breakpad --disable-client-side-phishing-detection --disable-component-extensions-with-background-pages --disable-component-update --no-default-browser-check --disable-default-apps --disable-dev-shm-usage --disable-extensions --disable-features=ImprovedCookieControls,LazyFrameLoading,GlobalMediaControls,DestroyProfileOnBrowserClose,MediaRouter,DialMediaRouteProvider,AcceptCHFrame,AutoExpandDetailsElement,CertificateTransparencyComponentUpdater,AvoidUnnecessaryBeforeUnloadCheckSync,Translate,HttpsUpgrades,PaintHolding --allow-pre-commit-input --disable-hang-monitor --disable-ipc-flooding-protection --disable-popup-blocking --disable-prompt-on-repost --disable-renderer-backgrounding --force-color-profile=srgb --metrics-recording-only --no-first-run --enable-automation --password-store=basic --use-mock-keychain --no-service-autorun --export-tagged-pdf --disable-search-engine-choice-screen --enable-use-zoom-for-dsf=false --no-sandbox --user-data-dir=/var/folders/g0/h_vmczvs61jf4r7kzhq0ypg40000gn/T/playwright_chromiumdev_profile-sDEnsB --remote-debugging-pipe --no-startup-window
    <launched> pid=37137
    [pid=37137][err] [37137:259:0612/013808.179091:ERROR:policy_logger.cc(156)] :components/enterprise/browser/controller/chrome_browser_cloud_management_controller.cc(161) Cloud management controller initialization aborted as CBCM is not enabled. Please use the `--enable-chrome-browser-cloud-management` command line flag to enable it if you are not using the official Google Chrome build.
    [pid=37137][err] [0612/013808.771279:WARNING:crash_report_exception_handler.cc(235)] UniversalExceptionRaise: (os/kern) failure (5)
    [pid=37137] <process did exit: exitCode=null, signal=SIGTRAP>
    [pid=37137] starting temporary directories cleanup


    Retry #2 ───────────────────────────────────────────────────────────────────────────────────────

    TargetClosedError: Target page, context or browser has been closed

]]>
</failure>
</testcase>
<testcase name="Responsive UI/UX Testing Suite › Component Responsive Behavior › should handle modal dialogs responsively" classname="responsive-ui-ux.spec.ts" time="3.006">
<failure message="responsive-ui-ux.spec.ts:274:9 should handle modal dialogs responsively" type="FAILURE">
<![CDATA[  [desktop-chrome-1366] › responsive-ui-ux.spec.ts:274:9 › Responsive UI/UX Testing Suite › Component Responsive Behavior › should handle modal dialogs responsively 

    TargetClosedError: Target page, context or browser has been closed


    Retry #1 ───────────────────────────────────────────────────────────────────────────────────────

    TargetClosedError: Target page, context or browser has been closed


    Retry #2 ───────────────────────────────────────────────────────────────────────────────────────

    TargetClosedError: Target page, context or browser has been closed

]]>
</failure>
</testcase>
<testcase name="Responsive UI/UX Testing Suite › Touch and Interaction Testing › should handle touch interactions on mobile devices" classname="responsive-ui-ux.spec.ts" time="3.014">
<failure message="responsive-ui-ux.spec.ts:314:9 should handle touch interactions on mobile devices" type="FAILURE">
<![CDATA[  [desktop-chrome-1366] › responsive-ui-ux.spec.ts:314:9 › Responsive UI/UX Testing Suite › Touch and Interaction Testing › should handle touch interactions on mobile devices 

    TargetClosedError: Target page, context or browser has been closed


    Retry #1 ───────────────────────────────────────────────────────────────────────────────────────

    TargetClosedError: Target page, context or browser has been closed


    Retry #2 ───────────────────────────────────────────────────────────────────────────────────────

    TargetClosedError: Target page, context or browser has been closed

]]>
</failure>
</testcase>
<testcase name="Responsive UI/UX Testing Suite › Performance and Accessibility › should meet accessibility standards" classname="responsive-ui-ux.spec.ts" time="2.819">
<failure message="responsive-ui-ux.spec.ts:363:9 should meet accessibility standards" type="FAILURE">
<![CDATA[  [desktop-chrome-1366] › responsive-ui-ux.spec.ts:363:9 › Responsive UI/UX Testing Suite › Performance and Accessibility › should meet accessibility standards 

    TargetClosedError: Target page, context or browser has been closed


    Retry #1 ───────────────────────────────────────────────────────────────────────────────────────

    TargetClosedError: Target page, context or browser has been closed


    Retry #2 ───────────────────────────────────────────────────────────────────────────────────────

    TargetClosedError: Target page, context or browser has been closed

]]>
</failure>
</testcase>
<testcase name="Responsive UI/UX Testing Suite › Performance and Accessibility › should have reasonable load times" classname="responsive-ui-ux.spec.ts" time="2.864">
<failure message="responsive-ui-ux.spec.ts:398:9 should have reasonable load times" type="FAILURE">
<![CDATA[  [desktop-chrome-1366] › responsive-ui-ux.spec.ts:398:9 › Responsive UI/UX Testing Suite › Performance and Accessibility › should have reasonable load times 

    TargetClosedError: Target page, context or browser has been closed


    Retry #1 ───────────────────────────────────────────────────────────────────────────────────────

    TargetClosedError: Target page, context or browser has been closed


    Retry #2 ───────────────────────────────────────────────────────────────────────────────────────

    TargetClosedError: Target page, context or browser has been closed

]]>
</failure>
</testcase>
<testcase name="Responsive UI/UX Testing Suite › Cross-viewport Consistency › should maintain consistent branding and styling" classname="responsive-ui-ux.spec.ts" time="3.167">
<failure message="responsive-ui-ux.spec.ts:434:9 should maintain consistent branding and styling" type="FAILURE">
<![CDATA[  [desktop-chrome-1366] › responsive-ui-ux.spec.ts:434:9 › Responsive UI/UX Testing Suite › Cross-viewport Consistency › should maintain consistent branding and styling 

    TargetClosedError: Target page, context or browser has been closed


    Retry #1 ───────────────────────────────────────────────────────────────────────────────────────

    TargetClosedError: Target page, context or browser has been closed


    Retry #2 ───────────────────────────────────────────────────────────────────────────────────────

    TargetClosedError: Target page, context or browser has been closed

]]>
</failure>
</testcase>
</testsuite>
<testsuite name="responsive-ui-ux.spec.ts" timestamp="2025-06-11T23:37:50.432Z" hostname="desktop-firefox" tests="10" failures="2" skipped="1" time="151.875" errors="0">
<testcase name="Responsive UI/UX Testing Suite › Landing Page Responsive Design › should display properly on all viewport sizes" classname="responsive-ui-ux.spec.ts" time="5.43">
<system-out>
<![CDATA[✓ Landing page tested successfully on desktop (1280x720)
]]>
</system-out>
</testcase>
<testcase name="Responsive UI/UX Testing Suite › Landing Page Responsive Design › should handle navigation interactions properly" classname="responsive-ui-ux.spec.ts" time="5.609">
<system-out>
<![CDATA[✓ Navigation tested successfully on desktop
]]>
</system-out>
</testcase>
<testcase name="Responsive UI/UX Testing Suite › Dashboard Responsive Layout › should display dashboard layout correctly" classname="responsive-ui-ux.spec.ts" time="29.965">
<failure message="responsive-ui-ux.spec.ts:133:9 should display dashboard layout correctly" type="FAILURE">
<![CDATA[  [desktop-firefox] › responsive-ui-ux.spec.ts:133:9 › Responsive UI/UX Testing Suite › Dashboard Responsive Layout › should display dashboard layout correctly 

    Error: Timed out 5000ms waiting for expect(locator).toBeVisible()

    Locator: locator('[data-testid="dashboard-sidebar"], [class*="sidebar"], aside').first()
    Expected: visible
    Received: hidden
    Call log:
      - expect.toBeVisible with timeout 5000ms
      - waiting for locator('[data-testid="dashboard-sidebar"], [class*="sidebar"], aside').first()


      143 |         // Desktop should show sidebar navigation
      144 |         const sidebar = page.locator('[data-testid="dashboard-sidebar"], [class*="sidebar"], aside').first();
    > 145 |         await expect(sidebar).toBeVisible();
          |                               ^
      146 |         
      147 |         // Check sidebar width
      148 |         const sidebarBox = await sidebar.boundingBox();

        at /Users/thabonyembe/Documents/freeflow-app-9/tests/e2e/responsive-ui-ux.spec.ts:145:31

    attachment #1: screenshot (image/png) ──────────────────────────────────────────────────────────
    test-results/responsive-ui-ux-Responsive-UI-UX-Testing-Suit-d764c-ayout-should-display-dashboard-layout-correctly-desktop-firefox/test-failed-1.png
    ────────────────────────────────────────────────────────────────────────────────────────────────

    attachment #2: video (video/webm) ──────────────────────────────────────────────────────────────
    test-results/responsive-ui-ux-Responsive-UI-UX-Testing-Suit-d764c-ayout-should-display-dashboard-layout-correctly-desktop-firefox/video.webm
    ────────────────────────────────────────────────────────────────────────────────────────────────

    Retry #1 ───────────────────────────────────────────────────────────────────────────────────────

    Error: Timed out 5000ms waiting for expect(locator).toBeVisible()

    Locator: locator('[data-testid="dashboard-sidebar"], [class*="sidebar"], aside').first()
    Expected: visible
    Received: hidden
    Call log:
      - expect.toBeVisible with timeout 5000ms
      - waiting for locator('[data-testid="dashboard-sidebar"], [class*="sidebar"], aside').first()


      143 |         // Desktop should show sidebar navigation
      144 |         const sidebar = page.locator('[data-testid="dashboard-sidebar"], [class*="sidebar"], aside').first();
    > 145 |         await expect(sidebar).toBeVisible();
          |                               ^
      146 |         
      147 |         // Check sidebar width
      148 |         const sidebarBox = await sidebar.boundingBox();

        at /Users/thabonyembe/Documents/freeflow-app-9/tests/e2e/responsive-ui-ux.spec.ts:145:31

    attachment #1: screenshot (image/png) ──────────────────────────────────────────────────────────
    test-results/responsive-ui-ux-Responsive-UI-UX-Testing-Suit-d764c-ayout-should-display-dashboard-layout-correctly-desktop-firefox-retry1/test-failed-1.png
    ────────────────────────────────────────────────────────────────────────────────────────────────

    attachment #2: video (video/webm) ──────────────────────────────────────────────────────────────
    test-results/responsive-ui-ux-Responsive-UI-UX-Testing-Suit-d764c-ayout-should-display-dashboard-layout-correctly-desktop-firefox-retry1/video.webm
    ────────────────────────────────────────────────────────────────────────────────────────────────

    attachment #3: trace (application/zip) ─────────────────────────────────────────────────────────
    test-results/responsive-ui-ux-Responsive-UI-UX-Testing-Suit-d764c-ayout-should-display-dashboard-layout-correctly-desktop-firefox-retry1/trace.zip
    Usage:

        npx playwright show-trace test-results/responsive-ui-ux-Responsive-UI-UX-Testing-Suit-d764c-ayout-should-display-dashboard-layout-correctly-desktop-firefox-retry1/trace.zip

    ────────────────────────────────────────────────────────────────────────────────────────────────

    Retry #2 ───────────────────────────────────────────────────────────────────────────────────────

    Error: Timed out 5000ms waiting for expect(locator).toBeVisible()

    Locator: locator('[data-testid="dashboard-sidebar"], [class*="sidebar"], aside').first()
    Expected: visible
    Received: hidden
    Call log:
      - expect.toBeVisible with timeout 5000ms
      - waiting for locator('[data-testid="dashboard-sidebar"], [class*="sidebar"], aside').first()


      143 |         // Desktop should show sidebar navigation
      144 |         const sidebar = page.locator('[data-testid="dashboard-sidebar"], [class*="sidebar"], aside').first();
    > 145 |         await expect(sidebar).toBeVisible();
          |                               ^
      146 |         
      147 |         // Check sidebar width
      148 |         const sidebarBox = await sidebar.boundingBox();

        at /Users/thabonyembe/Documents/freeflow-app-9/tests/e2e/responsive-ui-ux.spec.ts:145:31

    attachment #1: screenshot (image/png) ──────────────────────────────────────────────────────────
    test-results/responsive-ui-ux-Responsive-UI-UX-Testing-Suit-d764c-ayout-should-display-dashboard-layout-correctly-desktop-firefox-retry2/test-failed-1.png
    ────────────────────────────────────────────────────────────────────────────────────────────────

    attachment #2: video (video/webm) ──────────────────────────────────────────────────────────────
    test-results/responsive-ui-ux-Responsive-UI-UX-Testing-Suit-d764c-ayout-should-display-dashboard-layout-correctly-desktop-firefox-retry2/video.webm
    ────────────────────────────────────────────────────────────────────────────────────────────────
]]>
</failure>
<system-out>
<![CDATA[
[[ATTACHMENT|responsive-ui-ux-Responsive-UI-UX-Testing-Suit-d764c-ayout-should-display-dashboard-layout-correctly-desktop-firefox/test-failed-1.png]]

[[ATTACHMENT|responsive-ui-ux-Responsive-UI-UX-Testing-Suit-d764c-ayout-should-display-dashboard-layout-correctly-desktop-firefox/video.webm]]

[[ATTACHMENT|responsive-ui-ux-Responsive-UI-UX-Testing-Suit-d764c-ayout-should-display-dashboard-layout-correctly-desktop-firefox-retry1/test-failed-1.png]]

[[ATTACHMENT|responsive-ui-ux-Responsive-UI-UX-Testing-Suit-d764c-ayout-should-display-dashboard-layout-correctly-desktop-firefox-retry1/video.webm]]

[[ATTACHMENT|responsive-ui-ux-Responsive-UI-UX-Testing-Suit-d764c-ayout-should-display-dashboard-layout-correctly-desktop-firefox-retry1/trace.zip]]

[[ATTACHMENT|responsive-ui-ux-Responsive-UI-UX-Testing-Suit-d764c-ayout-should-display-dashboard-layout-correctly-desktop-firefox-retry2/test-failed-1.png]]

[[ATTACHMENT|responsive-ui-ux-Responsive-UI-UX-Testing-Suit-d764c-ayout-should-display-dashboard-layout-correctly-desktop-firefox-retry2/video.webm]]
]]>
</system-out>
</testcase>
<testcase name="Responsive UI/UX Testing Suite › Dashboard Responsive Layout › should handle dashboard navigation properly" classname="responsive-ui-ux.spec.ts" time="90">
<failure message="responsive-ui-ux.spec.ts:192:9 should handle dashboard navigation properly" type="FAILURE">
<![CDATA[  [desktop-firefox] › responsive-ui-ux.spec.ts:192:9 › Responsive UI/UX Testing Suite › Dashboard Responsive Layout › should handle dashboard navigation properly 

    Test timeout of 30000ms exceeded.

    Error: locator.click: Test timeout of 30000ms exceeded.
    Call log:
      - waiting for locator('[data-testid="nav-projects-hub"], a:has-text("Projects Hub"), button:has-text("Projects Hub")').first()
      -   locator resolved to <a data-testid="nav-projects-hub" href="/dashboard/…>…</a>
      - attempting click action
      -   waiting for element to be visible, enabled and stable
      -   element is visible, enabled and stable
      -   scrolling into view if needed
      -   done scrolling
      -   <span>Projects Hub</span> from <main tabindex="-1" id="main-content" class="dashboard…>…</main> subtree intercepts pointer events
      - retrying click action, attempt #1
      -   waiting for element to be visible, enabled and stable
      -   element is visible, enabled and stable
      -   scrolling into view if needed
      -   done scrolling
      -   <span>Projects Hub</span> from <main tabindex="-1" id="main-content" class="dashboard…>…</main> subtree intercepts pointer events
      - retrying click action, attempt #2
      -   waiting 20ms
      -   waiting for element to be visible, enabled and stable
      -   element is visible, enabled and stable
      -   scrolling into view if needed
      -   done scrolling
      -   <span>Projects Hub</span> from <main tabindex="-1" id="main-content" class="dashboard…>…</main> subtree intercepts pointer events
      - retrying click action, attempt #3
      -   waiting 100ms
      -   waiting for element to be visible, enabled and stable
      -   element is visible, enabled and stable
      -   scrolling into view if needed
      -   done scrolling
      -   <span>Projects Hub</span> from <main tabindex="-1" id="main-content" class="dashboard…>…</main> subtree intercepts pointer events
      - retrying click action, attempt #4
      -   waiting 100ms
      -   waiting for element to be visible, enabled and stable
      -   element is visible, enabled and stable
      -   scrolling into view if needed
      -   done scrolling
      -   <span>Projects Hub</span> from <main tabindex="-1" id="main-content" class="dashboard…>…</main> subtree intercepts pointer events
      - retrying click action, attempt #5
      -   waiting 500ms
      -   waiting for element to be visible, enabled and stable
      -   element is visible, enabled and stable
      -   scrolling into view if needed
      -   done scrolling
      -   <span>Projects Hub</span> from <main tabindex="-1" id="main-content" class="dashboard…>…</main> subtree intercepts pointer events
      - retrying click action, attempt #6
      -   waiting 500ms
      -   waiting for element to be visible, enabled and stable
      -   element is visible, enabled and stable
      -   scrolling into view if needed
      -   done scrolling
      -   <span>Projects Hub</span> from <main tabindex="-1" id="main-content" class="dashboard…>…</main> subtree intercepts pointer events
      - retrying click action, attempt #7
      -   waiting 500ms
      -   waiting for element to be visible, enabled and stable
      -   element is visible, enabled and stable
      -   scrolling into view if needed
      -   done scrolling
      -   <span>Projects Hub</span> from <main tabindex="-1" id="main-content" class="dashboard…>…</main> subtree intercepts pointer events
      - retrying click action, attempt #8
      -   waiting 500ms
      -   waiting for element to be visible, enabled and stable
      -   element is visible, enabled and stable
      -   scrolling into view if needed
      -   done scrolling
      -   <span>Projects Hub</span> from <main tabindex="-1" id="main-content" class="dashboard…>…</main> subtree intercepts pointer events
      - retrying click action, attempt #9
      -   waiting 500ms
      -   waiting for element to be visible, enabled and stable
      -   element is visible, enabled and stable
      -   scrolling into view if needed
      -   done scrolling
      -   <span>Projects Hub</span> from <main tabindex="-1" id="main-content" class="dashboard…>…</main> subtree intercepts pointer events
      - retrying click action, attempt #10
      -   waiting 500ms
      -   waiting for element to be visible, enabled and stable
      -   element is visible, enabled and stable
      -   scrolling into view if needed
      -   done scrolling
      -   <span>Projects Hub</span> from <main tabindex="-1" id="main-content" class="dashboard…>…</main> subtree intercepts pointer events
      - retrying click action, attempt #11
      -   waiting 500ms
      -   waiting for element to be visible, enabled and stable
      -   element is visible, enabled and stable
      -   scrolling into view if needed
      -   done scrolling
      -   <span>Projects Hub</span> from <main tabindex="-1" id="main-content" class="dashboard…>…</main> subtree intercepts pointer events
      - retrying click action, attempt #12
      -   waiting 500ms
      -   waiting for element to be visible, enabled and stable
      -   element is visible, enabled and stable
      -   scrolling into view if needed
      -   done scrolling
      -   <span>Projects Hub</span> from <main tabindex="-1" id="main-content" class="dashboard…>…</main> subtree intercepts pointer events
      - retrying click action, attempt #13
      -   waiting 500ms
      -   waiting for element to be visible, enabled and stable
      -   element is visible, enabled and stable
      -   scrolling into view if needed
      -   done scrolling
      -   <span>Projects Hub</span> from <main tabindex="-1" id="main-content" class="dashboard…>…</main> subtree intercepts pointer events
      - retrying click action, attempt #14
      -   waiting 500ms
      -   waiting for element to be visible, enabled and stable
      -   element is visible, enabled and stable
      -   scrolling into view if needed
      -   done scrolling
      -   <span>Projects Hub</span> from <main tabindex="-1" id="main-content" class="dashboard…>…</main> subtree intercepts pointer events
      - retrying click action, attempt #15
      -   waiting 500ms
      -   waiting for element to be visible, enabled and stable
      -   element is visible, enabled and stable
      -   scrolling into view if needed
      -   done scrolling
      -   <span>Projects Hub</span> from <main tabindex="-1" id="main-content" class="dashboard…>…</main> subtree intercepts pointer events
      - retrying click action, attempt #16
      -   waiting 500ms
      -   waiting for element to be visible, enabled and stable
      -   element is visible, enabled and stable
      -   scrolling into view if needed
      -   done scrolling
      -   <span>Projects Hub</span> from <main tabindex="-1" id="main-content" class="dashboard…>…</main> subtree intercepts pointer events
      - retrying click action, attempt #17
      -   waiting 500ms
      -   waiting for element to be visible, enabled and stable
      -   element is visible, enabled and stable
      -   scrolling into view if needed
      -   done scrolling
      -   <span>Projects Hub</span> from <main tabindex="-1" id="main-content" class="dashboard…>…</main> subtree intercepts pointer events
      - retrying click action, attempt #18
      -   waiting 500ms
      -   waiting for element to be visible, enabled and stable
      -   element is visible, enabled and stable
      -   scrolling into view if needed
      -   done scrolling
      -   <span>Projects Hub</span> from <main tabindex="-1" id="main-content" class="dashboard…>…</main> subtree intercepts pointer events
      - retrying click action, attempt #19
      -   waiting 500ms
      -   waiting for element to be visible, enabled and stable
      -   element is visible, enabled and stable
      -   scrolling into view if needed
      -   done scrolling
      -   <span>Projects Hub</span> from <main tabindex="-1" id="main-content" class="dashboard…>…</main> subtree intercepts pointer events
      - retrying click action, attempt #20
      -   waiting 500ms
      -   waiting for element to be visible, enabled and stable
      -   element is visible, enabled and stable
      -   scrolling into view if needed
      -   done scrolling
      -   <span>Projects Hub</span> from <main tabindex="-1" id="main-content" class="dashboard…>…</main> subtree intercepts pointer events
      - retrying click action, attempt #21
      -   waiting 500ms
      -   waiting for element to be visible, enabled and stable
      -   element is visible, enabled and stable
      -   scrolling into view if needed
      -   done scrolling
      -   <span>Projects Hub</span> from <main tabindex="-1" id="main-content" class="dashboard…>…</main> subtree intercepts pointer events
      - retrying click action, attempt #22
      -   waiting 500ms
      -   waiting for element to be visible, enabled and stable
      -   element is visible, enabled and stable
      -   scrolling into view if needed
      -   done scrolling
      -   <span>Projects Hub</span> from <main tabindex="-1" id="main-content" class="dashboard…>…</main> subtree intercepts pointer events
      - retrying click action, attempt #23
      -   waiting 500ms
      -   waiting for element to be visible, enabled and stable
      -   element is visible, enabled and stable
      -   scrolling into view if needed
      -   done scrolling
      -   <span>Projects Hub</span> from <main tabindex="-1" id="main-content" class="dashboard…>…</main> subtree intercepts pointer events
      - retrying click action, attempt #24
      -   waiting 500ms
      -   waiting for element to be visible, enabled and stable
      -   element is visible, enabled and stable
      -   scrolling into view if needed
      -   done scrolling
      -   <span>Projects Hub</span> from <main tabindex="-1" id="main-content" class="dashboard…>…</main> subtree intercepts pointer events
      - retrying click action, attempt #25
      -   waiting 500ms
      -   waiting for element to be visible, enabled and stable
      -   element is visible, enabled and stable
      -   scrolling into view if needed
      -   done scrolling
      -   <span>Projects Hub</span> from <main tabindex="-1" id="main-content" class="dashboard…>…</main> subtree intercepts pointer events
      - retrying click action, attempt #26
      -   waiting 500ms
      -   waiting for element to be visible, enabled and stable
      -   element is visible, enabled and stable
      -   scrolling into view if needed
      -   done scrolling
      -   <span>Projects Hub</span> from <main tabindex="-1" id="main-content" class="dashboard…>…</main> subtree intercepts pointer events
      - retrying click action, attempt #27
      -   waiting 500ms
      -   waiting for element to be visible, enabled and stable
      -   element is visible, enabled and stable
      -   scrolling into view if needed
      -   done scrolling
      -   <span>Projects Hub</span> from <main tabindex="-1" id="main-content" class="dashboard…>…</main> subtree intercepts pointer events
      - retrying click action, attempt #28
      -   waiting 500ms
      -   waiting for element to be visible, enabled and stable
      -   element is visible, enabled and stable
      -   scrolling into view if needed
      -   done scrolling
      -   <span>Projects Hub</span> from <main tabindex="-1" id="main-content" class="dashboard…>…</main> subtree intercepts pointer events
      - retrying click action, attempt #29
      -   waiting 500ms
      -   waiting for element to be visible, enabled and stable
      -   element is visible, enabled and stable
      -   scrolling into view if needed
      -   done scrolling
      -   <span>Projects Hub</span> from <main tabindex="-1" id="main-content" class="dashboard…>…</main> subtree intercepts pointer events
      - retrying click action, attempt #30
      -   waiting 500ms
      -   waiting for element to be visible, enabled and stable
      -   element is visible, enabled and stable
      -   scrolling into view if needed
      -   done scrolling
      -   <span>Projects Hub</span> from <main tabindex="-1" id="main-content" class="dashboard…>…</main> subtree intercepts pointer events
      - retrying click action, attempt #31
      -   waiting 500ms
      -   waiting for element to be visible, enabled and stable
      -   element is visible, enabled and stable
      -   scrolling into view if needed
      -   done scrolling
      -   <span>Projects Hub</span> from <main tabindex="-1" id="main-content" class="dashboard…>…</main> subtree intercepts pointer events
      - retrying click action, attempt #32
      -   waiting 500ms
      -   waiting for element to be visible, enabled and stable
      -   element is visible, enabled and stable
      -   scrolling into view if needed
      -   done scrolling
      -   <span>Projects Hub</span> from <main tabindex="-1" id="main-content" class="dashboard…>…</main> subtree intercepts pointer events
      - retrying click action, attempt #33
      -   waiting 500ms
      -   waiting for element to be visible, enabled and stable
      -   element is visible, enabled and stable
      -   scrolling into view if needed
      -   done scrolling
      -   <span>Projects Hub</span> from <main tabindex="-1" id="main-content" class="dashboard…>…</main> subtree intercepts pointer events
      - retrying click action, attempt #34
      -   waiting 500ms
      -   waiting for element to be visible, enabled and stable
      -   element is visible, enabled and stable
      -   scrolling into view if needed
      -   done scrolling
      -   <span>Projects Hub</span> from <main tabindex="-1" id="main-content" class="dashboard…>…</main> subtree intercepts pointer events
      - retrying click action, attempt #35
      -   waiting 500ms
      -   waiting for element to be visible, enabled and stable
      -   element is visible, enabled and stable
      -   scrolling into view if needed
      -   done scrolling
      -   <span>Projects Hub</span> from <main tabindex="-1" id="main-content" class="dashboard…>…</main> subtree intercepts pointer events
      - retrying click action, attempt #36
      -   waiting 500ms
      -   waiting for element to be visible, enabled and stable
      -   element is visible, enabled and stable
      -   scrolling into view if needed
      -   done scrolling
      -   <span>Projects Hub</span> from <main tabindex="-1" id="main-content" class="dashboard…>…</main> subtree intercepts pointer events
      - retrying click action, attempt #37
      -   waiting 500ms
      -   waiting for element to be visible, enabled and stable
      -   element is visible, enabled and stable
      -   scrolling into view if needed
      -   done scrolling
      -   <span>Projects Hub</span> from <main tabindex="-1" id="main-content" class="dashboard…>…</main> subtree intercepts pointer events
      - retrying click action, attempt #38
      -   waiting 500ms
      -   waiting for element to be visible, enabled and stable
      -   element is visible, enabled and stable
      -   scrolling into view if needed
      -   done scrolling
      -   <span>Projects Hub</span> from <main tabindex="-1" id="main-content" class="dashboard…>…</main> subtree intercepts pointer events
      - retrying click action, attempt #39
      -   waiting 500ms
      -   waiting for element to be visible, enabled and stable
      -   element is visible, enabled and stable
      -   scrolling into view if needed
      -   done scrolling
      -   <span>Projects Hub</span> from <main tabindex="-1" id="main-content" class="dashboard…>…</main> subtree intercepts pointer events
      - retrying click action, attempt #40
      -   waiting 500ms
      -   waiting for element to be visible, enabled and stable
      -   element is visible, enabled and stable
      -   scrolling into view if needed
      -   done scrolling
      -   <span>Projects Hub</span> from <main tabindex="-1" id="main-content" class="dashboard…>…</main> subtree intercepts pointer events
      - retrying click action, attempt #41
      -   waiting 500ms
      -   waiting for element to be visible, enabled and stable
      -   element is visible, enabled and stable
      -   scrolling into view if needed
      -   done scrolling
      -   <span>Projects Hub</span> from <main tabindex="-1" id="main-content" class="dashboard…>…</main> subtree intercepts pointer events
      - retrying click action, attempt #42
      -   waiting 500ms
      -   waiting for element to be visible, enabled and stable
      -   element is visible, enabled and stable
      -   scrolling into view if needed
      -   done scrolling
      -   <span>Projects Hub</span> from <main tabindex="-1" id="main-content" class="dashboard…>…</main> subtree intercepts pointer events
      - retrying click action, attempt #43
      -   waiting 500ms
      -   waiting for element to be visible, enabled and stable
      -   element is visible, enabled and stable
      -   scrolling into view if needed
      -   done scrolling
      -   <span>Projects Hub</span> from <main tabindex="-1" id="main-content" class="dashboard…>…</main> subtree intercepts pointer events
      - retrying click action, attempt #44
      -   waiting 500ms
      -   waiting for element to be visible, enabled and stable
      -   element is visible, enabled and stable
      -   scrolling into view if needed
      -   done scrolling
      -   <span>Projects Hub</span> from <main tabindex="-1" id="main-content" class="dashboard…>…</main> subtree intercepts pointer events
      - retrying click action, attempt #45
      -   waiting 500ms
      -   waiting for element to be visible, enabled and stable
      -   element is visible, enabled and stable
      -   scrolling into view if needed
      -   done scrolling
      -   <span>Projects Hub</span> from <main tabindex="-1" id="main-content" class="dashboard…>…</main> subtree intercepts pointer events
      - retrying click action, attempt #46
      -   waiting 500ms
      -   waiting for element to be visible, enabled and stable
      -   element is visible, enabled and stable
      -   scrolling into view if needed
      -   done scrolling
      -   <span>Projects Hub</span> from <main tabindex="-1" id="main-content" class="dashboard…>…</main> subtree intercepts pointer events
      - retrying click action, attempt #47
      -   waiting 500ms
      -   waiting for element to be visible, enabled and stable
      -   element is visible, enabled and stable
      -   scrolling into view if needed
      -   done scrolling
      -   <span>Projects Hub</span> from <main tabindex="-1" id="main-content" class="dashboard…>…</main> subtree intercepts pointer events
      - retrying click action, attempt #48
      -   waiting 500ms
      -   waiting for element to be visible, enabled and stable
      -   element is visible, enabled and stable
      -   scrolling into view if needed
      -   done scrolling
      -   <span>Projects Hub</span> from <main tabindex="-1" id="main-content" class="dashboard…>…</main> subtree intercepts pointer events
      - retrying click action, attempt #49
      -   waiting 500ms
      -   waiting for element to be visible, enabled and stable


      205 |         
      206 |         if (await navLink.isVisible()) {
    > 207 |           await navLink.click();
          |                         ^
      208 |           await waitForPageReady(page);
      209 |           
      210 |           // Verify navigation worked

        at /Users/thabonyembe/Documents/freeflow-app-9/tests/e2e/responsive-ui-ux.spec.ts:207:25

    attachment #1: screenshot (image/png) ──────────────────────────────────────────────────────────
    test-results/responsive-ui-ux-Responsive-UI-UX-Testing-Suit-b7d3a-out-should-handle-dashboard-navigation-properly-desktop-firefox/test-failed-1.png
    ────────────────────────────────────────────────────────────────────────────────────────────────

    attachment #2: video (video/webm) ──────────────────────────────────────────────────────────────
    test-results/responsive-ui-ux-Responsive-UI-UX-Testing-Suit-b7d3a-out-should-handle-dashboard-navigation-properly-desktop-firefox/video.webm
    ────────────────────────────────────────────────────────────────────────────────────────────────

    Retry #1 ───────────────────────────────────────────────────────────────────────────────────────

    Test timeout of 30000ms exceeded.

    Error: locator.click: Test timeout of 30000ms exceeded.
    Call log:
      - waiting for locator('[data-testid="nav-projects-hub"], a:has-text("Projects Hub"), button:has-text("Projects Hub")').first()
      -   locator resolved to <a data-testid="nav-projects-hub" href="/dashboard/…>…</a>
      - attempting click action
      -   waiting for element to be visible, enabled and stable
      -   element is visible, enabled and stable
      -   scrolling into view if needed
      -   done scrolling
      -   <span>Projects Hub</span> from <main tabindex="-1" id="main-content" class="dashboard…>…</main> subtree intercepts pointer events
      - retrying click action, attempt #1
      -   waiting for element to be visible, enabled and stable
      -   element is visible, enabled and stable
      -   scrolling into view if needed
      -   done scrolling
      -   <span>Projects Hub</span> from <main tabindex="-1" id="main-content" class="dashboard…>…</main> subtree intercepts pointer events
      - retrying click action, attempt #2
      -   waiting 20ms
      -   waiting for element to be visible, enabled and stable
      -   element is visible, enabled and stable
      -   scrolling into view if needed
      -   done scrolling
      -   <span>Projects Hub</span> from <main tabindex="-1" id="main-content" class="dashboard…>…</main> subtree intercepts pointer events
      - retrying click action, attempt #3
      -   waiting 100ms
      -   waiting for element to be visible, enabled and stable
      -   element is visible, enabled and stable
      -   scrolling into view if needed
      -   done scrolling
      -   <span>Projects Hub</span> from <main tabindex="-1" id="main-content" class="dashboard…>…</main> subtree intercepts pointer events
      - retrying click action, attempt #4
      -   waiting 100ms
      -   waiting for element to be visible, enabled and stable
      -   element is visible, enabled and stable
      -   scrolling into view if needed
      -   done scrolling
      -   <span>Projects Hub</span> from <main tabindex="-1" id="main-content" class="dashboard…>…</main> subtree intercepts pointer events
      - retrying click action, attempt #5
      -   waiting 500ms
      -   waiting for element to be visible, enabled and stable
      -   element is visible, enabled and stable
      -   scrolling into view if needed
      -   done scrolling
      -   <span>Projects Hub</span> from <main tabindex="-1" id="main-content" class="dashboard…>…</main> subtree intercepts pointer events
      - retrying click action, attempt #6
      -   waiting 500ms
      -   waiting for element to be visible, enabled and stable
      -   element is visible, enabled and stable
      -   scrolling into view if needed
      -   done scrolling
      -   <span>Projects Hub</span> from <main tabindex="-1" id="main-content" class="dashboard…>…</main> subtree intercepts pointer events
      - retrying click action, attempt #7
      -   waiting 500ms
      -   waiting for element to be visible, enabled and stable
      -   element is visible, enabled and stable
      -   scrolling into view if needed
      -   done scrolling
      -   <span>Projects Hub</span> from <main tabindex="-1" id="main-content" class="dashboard…>…</main> subtree intercepts pointer events
      - retrying click action, attempt #8
      -   waiting 500ms
      -   waiting for element to be visible, enabled and stable
      -   element is visible, enabled and stable
      -   scrolling into view if needed
      -   done scrolling
      -   <span>Projects Hub</span> from <main tabindex="-1" id="main-content" class="dashboard…>…</main> subtree intercepts pointer events
      - retrying click action, attempt #9
      -   waiting 500ms
      -   waiting for element to be visible, enabled and stable
      -   element is visible, enabled and stable
      -   scrolling into view if needed
      -   done scrolling
      -   <span>Projects Hub</span> from <main tabindex="-1" id="main-content" class="dashboard…>…</main> subtree intercepts pointer events
      - retrying click action, attempt #10
      -   waiting 500ms
      -   waiting for element to be visible, enabled and stable
      -   element is visible, enabled and stable
      -   scrolling into view if needed
      -   done scrolling
      -   <span>Projects Hub</span> from <main tabindex="-1" id="main-content" class="dashboard…>…</main> subtree intercepts pointer events
      - retrying click action, attempt #11
      -   waiting 500ms
      -   waiting for element to be visible, enabled and stable
      -   element is visible, enabled and stable
      -   scrolling into view if needed
      -   done scrolling
      -   <span>Projects Hub</span> from <main tabindex="-1" id="main-content" class="dashboard…>…</main> subtree intercepts pointer events
      - retrying click action, attempt #12
      -   waiting 500ms
      -   waiting for element to be visible, enabled and stable
      -   element is visible, enabled and stable
      -   scrolling into view if needed
      -   done scrolling
      -   <span>Projects Hub</span> from <main tabindex="-1" id="main-content" class="dashboard…>…</main> subtree intercepts pointer events
      - retrying click action, attempt #13
      -   waiting 500ms
      -   waiting for element to be visible, enabled and stable
      -   element is visible, enabled and stable
      -   scrolling into view if needed
      -   done scrolling
      -   <span>Projects Hub</span> from <main tabindex="-1" id="main-content" class="dashboard…>…</main> subtree intercepts pointer events
      - retrying click action, attempt #14
      -   waiting 500ms
      -   waiting for element to be visible, enabled and stable
      -   element is visible, enabled and stable
      -   scrolling into view if needed
      -   done scrolling
      -   <span>Projects Hub</span> from <main tabindex="-1" id="main-content" class="dashboard…>…</main> subtree intercepts pointer events
      - retrying click action, attempt #15
      -   waiting 500ms
      -   waiting for element to be visible, enabled and stable
      -   element is visible, enabled and stable
      -   scrolling into view if needed
      -   done scrolling
      -   <span>Projects Hub</span> from <main tabindex="-1" id="main-content" class="dashboard…>…</main> subtree intercepts pointer events
      - retrying click action, attempt #16
      -   waiting 500ms
      -   waiting for element to be visible, enabled and stable
      -   element is visible, enabled and stable
      -   scrolling into view if needed
      -   done scrolling
      -   <span>Projects Hub</span> from <main tabindex="-1" id="main-content" class="dashboard…>…</main> subtree intercepts pointer events
      - retrying click action, attempt #17
      -   waiting 500ms
      -   waiting for element to be visible, enabled and stable
      -   element is visible, enabled and stable
      -   scrolling into view if needed
      -   done scrolling
      -   <span>Projects Hub</span> from <main tabindex="-1" id="main-content" class="dashboard…>…</main> subtree intercepts pointer events
      - retrying click action, attempt #18
      -   waiting 500ms
      -   waiting for element to be visible, enabled and stable
      -   element is visible, enabled and stable
      -   scrolling into view if needed
      -   done scrolling
      -   <span>Projects Hub</span> from <main tabindex="-1" id="main-content" class="dashboard…>…</main> subtree intercepts pointer events
      - retrying click action, attempt #19
      -   waiting 500ms
      -   waiting for element to be visible, enabled and stable
      -   element is visible, enabled and stable
      -   scrolling into view if needed
      -   done scrolling
      -   <span>Projects Hub</span> from <main tabindex="-1" id="main-content" class="dashboard…>…</main> subtree intercepts pointer events
      - retrying click action, attempt #20
      -   waiting 500ms
      -   waiting for element to be visible, enabled and stable
      -   element is visible, enabled and stable
      -   scrolling into view if needed
      -   done scrolling
      -   <span>Projects Hub</span> from <main tabindex="-1" id="main-content" class="dashboard…>…</main> subtree intercepts pointer events
      - retrying click action, attempt #21
      -   waiting 500ms
      -   waiting for element to be visible, enabled and stable
      -   element is visible, enabled and stable
      -   scrolling into view if needed
      -   done scrolling
      -   <span>Projects Hub</span> from <main tabindex="-1" id="main-content" class="dashboard…>…</main> subtree intercepts pointer events
      - retrying click action, attempt #22
      -   waiting 500ms
      -   waiting for element to be visible, enabled and stable
      -   element is visible, enabled and stable
      -   scrolling into view if needed
      -   done scrolling
      -   <span>Projects Hub</span> from <main tabindex="-1" id="main-content" class="dashboard…>…</main> subtree intercepts pointer events
      - retrying click action, attempt #23
      -   waiting 500ms
      -   waiting for element to be visible, enabled and stable
      -   element is visible, enabled and stable
      -   scrolling into view if needed
      -   done scrolling
      -   <span>Projects Hub</span> from <main tabindex="-1" id="main-content" class="dashboard…>…</main> subtree intercepts pointer events
      - retrying click action, attempt #24
      -   waiting 500ms
      -   waiting for element to be visible, enabled and stable
      -   element is visible, enabled and stable
      -   scrolling into view if needed
      -   done scrolling
      -   <span>Projects Hub</span> from <main tabindex="-1" id="main-content" class="dashboard…>…</main> subtree intercepts pointer events
      - retrying click action, attempt #25
      -   waiting 500ms
      -   waiting for element to be visible, enabled and stable
      -   element is visible, enabled and stable
      -   scrolling into view if needed
      -   done scrolling
      -   <span>Projects Hub</span> from <main tabindex="-1" id="main-content" class="dashboard…>…</main> subtree intercepts pointer events
      - retrying click action, attempt #26
      -   waiting 500ms
      -   waiting for element to be visible, enabled and stable
      -   element is visible, enabled and stable
      -   scrolling into view if needed
      -   done scrolling
      -   <span>Projects Hub</span> from <main tabindex="-1" id="main-content" class="dashboard…>…</main> subtree intercepts pointer events
      - retrying click action, attempt #27
      -   waiting 500ms
      -   waiting for element to be visible, enabled and stable
      -   element is visible, enabled and stable
      -   scrolling into view if needed
      -   done scrolling
      -   <span>Projects Hub</span> from <main tabindex="-1" id="main-content" class="dashboard…>…</main> subtree intercepts pointer events
      - retrying click action, attempt #28
      -   waiting 500ms
      -   waiting for element to be visible, enabled and stable
      -   element is visible, enabled and stable
      -   scrolling into view if needed
      -   done scrolling
      -   <span>Projects Hub</span> from <main tabindex="-1" id="main-content" class="dashboard…>…</main> subtree intercepts pointer events
      - retrying click action, attempt #29
      -   waiting 500ms
      -   waiting for element to be visible, enabled and stable
      -   element is visible, enabled and stable
      -   scrolling into view if needed
      -   done scrolling
      -   <span>Projects Hub</span> from <main tabindex="-1" id="main-content" class="dashboard…>…</main> subtree intercepts pointer events
      - retrying click action, attempt #30
      -   waiting 500ms
      -   waiting for element to be visible, enabled and stable
      -   element is visible, enabled and stable
      -   scrolling into view if needed
      -   done scrolling
      -   <span>Projects Hub</span> from <main tabindex="-1" id="main-content" class="dashboard…>…</main> subtree intercepts pointer events
      - retrying click action, attempt #31
      -   waiting 500ms
      -   waiting for element to be visible, enabled and stable
      -   element is visible, enabled and stable
      -   scrolling into view if needed
      -   done scrolling
      -   <span>Projects Hub</span> from <main tabindex="-1" id="main-content" class="dashboard…>…</main> subtree intercepts pointer events
      - retrying click action, attempt #32
      -   waiting 500ms
      -   waiting for element to be visible, enabled and stable
      -   element is visible, enabled and stable
      -   scrolling into view if needed
      -   done scrolling
      -   <span>Projects Hub</span> from <main tabindex="-1" id="main-content" class="dashboard…>…</main> subtree intercepts pointer events
      - retrying click action, attempt #33
      -   waiting 500ms
      -   waiting for element to be visible, enabled and stable
      -   element is visible, enabled and stable
      -   scrolling into view if needed
      -   done scrolling
      -   <span>Projects Hub</span> from <main tabindex="-1" id="main-content" class="dashboard…>…</main> subtree intercepts pointer events
      - retrying click action, attempt #34
[...]

    TargetClosedError: Target page, context or browser has been closed


    Retry #1 ───────────────────────────────────────────────────────────────────────────────────────

    Error: browserContext.newPage: Target page, context or browser has been closed
    Browser logs:

    <launching> /Users/thabonyembe/Library/Caches/ms-playwright/chromium-1097/chrome-mac/Chromium.app/Contents/MacOS/Chromium --disable-field-trial-config --disable-background-networking --enable-features=NetworkService,NetworkServiceInProcess --disable-background-timer-throttling --disable-backgrounding-occluded-windows --disable-back-forward-cache --disable-breakpad --disable-client-side-phishing-detection --disable-component-extensions-with-background-pages --disable-component-update --no-default-browser-check --disable-default-apps --disable-dev-shm-usage --disable-extensions --disable-features=ImprovedCookieControls,LazyFrameLoading,GlobalMediaControls,DestroyProfileOnBrowserClose,MediaRouter,DialMediaRouteProvider,AcceptCHFrame,AutoExpandDetailsElement,CertificateTransparencyComponentUpdater,AvoidUnnecessaryBeforeUnloadCheckSync,Translate,HttpsUpgrades,PaintHolding --allow-pre-commit-input --disable-hang-monitor --disable-ipc-flooding-protection --disable-popup-blocking --disable-prompt-on-repost --disable-renderer-backgrounding --force-color-profile=srgb --metrics-recording-only --no-first-run --enable-automation --password-store=basic --use-mock-keychain --no-service-autorun --export-tagged-pdf --disable-search-engine-choice-screen --enable-use-zoom-for-dsf=false --no-sandbox --user-data-dir=/var/folders/g0/h_vmczvs61jf4r7kzhq0ypg40000gn/T/playwright_chromiumdev_profile-vQA5pL --remote-debugging-pipe --no-startup-window
    <launched> pid=41574
    [pid=41574][err] [41574:259:0612/014141.647414:ERROR:policy_logger.cc(156)] :components/enterprise/browser/controller/chrome_browser_cloud_management_controller.cc(161) Cloud management controller initialization aborted as CBCM is not enabled. Please use the `--enable-chrome-browser-cloud-management` command line flag to enable it if you are not using the official Google Chrome build.
    [pid=41574][err] Received signal 11 SEGV_ACCERR 000100000008
    [pid=41574][err]  [0x00012813e4c4]
    [pid=41574][err]  [0x000128132cc4]
    [pid=41574][err]  [0x00012813e414]
    [pid=41574][err]  [0x0001912c0624]
    [pid=41574][err]  [0x0001a2d7a064]
    [pid=41574][err]  [0x0001a2c1cfa8]
    [pid=41574][err]  [0x0001a2da37b4]
    [pid=41574][err]  [0x0001a2da468c]
    [pid=41574][err]  [0x000192f47670]
    [pid=41574][err]  [0x000192f484a8]
    [pid=41574][err]  [0x000193004828]
    [pid=41574][err]  [0x000192b58ecc]
    [pid=41574][err]  [0x00019133f2d4]
    [pid=41574][err]  [0x000191839310]
    [pid=41574][err]  [0x000191838d08]
    [pid=41574][err]  [0x0001918365c0]
    [pid=41574][err]  [0x0001980d5e88]
    [pid=41574][err]  [0x0001980d46e8]
    [pid=41574][err]  [0x00019604c49c]
    [pid=41574][err]  [0x00019604d118]
    [pid=41574][err]  [0x00019604c178]
    [pid=41574][err]  [0x00019604f644]
    [pid=41574][err]  [0x000195264f00]
    [pid=41574][err]  [0x000195262d90]
    [pid=41574][err]  [0x0001952628c4]
    [pid=41574][err]  [0x000128147568]
    [pid=41574][err]  [0x0001280a880c]
    [pid=41574][err]  [0x0001281042b4]
    [pid=41574][err]  [0x0001271709c8]
    [pid=41574][err]  [0x000127584eb4]
    [pid=41574][err]  [0x000127585c1c]
    [pid=41574][err]  [0x00012758424c]
    [pid=41574][err]  [0x000127584640]
    [pid=41574][err]  [0x000124004df0]
    [pid=41574][err]  [0x000102c0caac]
    [pid=41574][err]  [0x000190ee6b98]
    [pid=41574][err] [end of stack trace]
    [pid=41574][err] [0612/014142.250812:WARNING:crash_report_exception_handler.cc(235)] UniversalExceptionRaise: (os/kern) failure (5)


    Retry #2 ───────────────────────────────────────────────────────────────────────────────────────

    TargetClosedError: Target page, context or browser has been closed

]]>
</failure>
</testcase>
<testcase name="Responsive UI/UX Testing Suite › Dashboard Responsive Layout › should display dashboard layout correctly" classname="responsive-ui-ux.spec.ts" time="2.572">
<failure message="responsive-ui-ux.spec.ts:133:9 should display dashboard layout correctly" type="FAILURE">
<![CDATA[  [tablet-portrait] › responsive-ui-ux.spec.ts:133:9 › Responsive UI/UX Testing Suite › Dashboard Responsive Layout › should display dashboard layout correctly 

    TargetClosedError: Target page, context or browser has been closed


    Retry #1 ───────────────────────────────────────────────────────────────────────────────────────

    TargetClosedError: Target page, context or browser has been closed


    Retry #2 ───────────────────────────────────────────────────────────────────────────────────────

    TargetClosedError: Target page, context or browser has been closed

]]>
</failure>
</testcase>
<testcase name="Responsive UI/UX Testing Suite › Dashboard Responsive Layout › should handle dashboard navigation properly" classname="responsive-ui-ux.spec.ts" time="2.364">
<failure message="responsive-ui-ux.spec.ts:192:9 should handle dashboard navigation properly" type="FAILURE">
<![CDATA[  [tablet-portrait] › responsive-ui-ux.spec.ts:192:9 › Responsive UI/UX Testing Suite › Dashboard Responsive Layout › should handle dashboard navigation properly 

    TargetClosedError: Target page, context or browser has been closed


    Retry #1 ───────────────────────────────────────────────────────────────────────────────────────

    TargetClosedError: Target page, context or browser has been closed


    Retry #2 ───────────────────────────────────────────────────────────────────────────────────────

    Error: browserContext.newPage: Target page, context or browser has been closed
    Browser logs:

    <launching> /Users/thabonyembe/Library/Caches/ms-playwright/chromium-1097/chrome-mac/Chromium.app/Contents/MacOS/Chromium --disable-field-trial-config --disable-background-networking --enable-features=NetworkService,NetworkServiceInProcess --disable-background-timer-throttling --disable-backgrounding-occluded-windows --disable-back-forward-cache --disable-breakpad --disable-client-side-phishing-detection --disable-component-extensions-with-background-pages --disable-component-update --no-default-browser-check --disable-default-apps --disable-dev-shm-usage --disable-extensions --disable-features=ImprovedCookieControls,LazyFrameLoading,GlobalMediaControls,DestroyProfileOnBrowserClose,MediaRouter,DialMediaRouteProvider,AcceptCHFrame,AutoExpandDetailsElement,CertificateTransparencyComponentUpdater,AvoidUnnecessaryBeforeUnloadCheckSync,Translate,HttpsUpgrades,PaintHolding --allow-pre-commit-input --disable-hang-monitor --disable-ipc-flooding-protection --disable-popup-blocking --disable-prompt-on-repost --disable-renderer-backgrounding --force-color-profile=srgb --metrics-recording-only --no-first-run --enable-automation --password-store=basic --use-mock-keychain --no-service-autorun --export-tagged-pdf --disable-search-engine-choice-screen --enable-use-zoom-for-dsf=false --no-sandbox --user-data-dir=/var/folders/g0/h_vmczvs61jf4r7kzhq0ypg40000gn/T/playwright_chromiumdev_profile-FvZr0M --remote-debugging-pipe --no-startup-window
    <launched> pid=41668
    [pid=41668][err] [41668:259:0612/014144.159974:ERROR:policy_logger.cc(156)] :components/enterprise/browser/controller/chrome_browser_cloud_management_controller.cc(161) Cloud management controller initialization aborted as CBCM is not enabled. Please use the `--enable-chrome-browser-cloud-management` command line flag to enable it if you are not using the official Google Chrome build.
    [pid=41668][err] [0612/014144.591581:WARNING:crash_report_exception_handler.cc(235)] UniversalExceptionRaise: (os/kern) failure (5)
    [pid=41668] <process did exit: exitCode=null, signal=SIGTRAP>
    [pid=41668] starting temporary directories cleanup

]]>
</failure>
</testcase>
<testcase name="Responsive UI/UX Testing Suite › Component Responsive Behavior › should render forms responsively" classname="responsive-ui-ux.spec.ts" time="2.638">
<failure message="responsive-ui-ux.spec.ts:230:9 should render forms responsively" type="FAILURE">
<![CDATA[  [tablet-portrait] › responsive-ui-ux.spec.ts:230:9 › Responsive UI/UX Testing Suite › Component Responsive Behavior › should render forms responsively 

    TargetClosedError: Target page, context or browser has been closed


    Retry #1 ───────────────────────────────────────────────────────────────────────────────────────

    TargetClosedError: Target page, context or browser has been closed


    Retry #2 ───────────────────────────────────────────────────────────────────────────────────────

    TargetClosedError: Target page, context or browser has been closed

]]>
</failure>
</testcase>
<testcase name="Responsive UI/UX Testing Suite › Component Responsive Behavior › should handle modal dialogs responsively" classname="responsive-ui-ux.spec.ts" time="2.313">
<failure message="responsive-ui-ux.spec.ts:274:9 should handle modal dialogs responsively" type="FAILURE">
<![CDATA[  [tablet-portrait] › responsive-ui-ux.spec.ts:274:9 › Responsive UI/UX Testing Suite › Component Responsive Behavior › should handle modal dialogs responsively 

    TargetClosedError: Target page, context or browser has been closed


    Retry #1 ───────────────────────────────────────────────────────────────────────────────────────

    TargetClosedError: Target page, context or browser has been closed


    Retry #2 ───────────────────────────────────────────────────────────────────────────────────────

    Error: browserContext.newPage: Target page, context or browser has been closed
    Browser logs:

    <launching> /Users/thabonyembe/Library/Caches/ms-playwright/chromium-1097/chrome-mac/Chromium.app/Contents/MacOS/Chromium --disable-field-trial-config --disable-background-networking --enable-features=NetworkService,NetworkServiceInProcess --disable-background-timer-throttling --disable-backgrounding-occluded-windows --disable-back-forward-cache --disable-breakpad --disable-client-side-phishing-detection --disable-component-extensions-with-background-pages --disable-component-update --no-default-browser-check --disable-default-apps --disable-dev-shm-usage --disable-extensions --disable-features=ImprovedCookieControls,LazyFrameLoading,GlobalMediaControls,DestroyProfileOnBrowserClose,MediaRouter,DialMediaRouteProvider,AcceptCHFrame,AutoExpandDetailsElement,CertificateTransparencyComponentUpdater,AvoidUnnecessaryBeforeUnloadCheckSync,Translate,HttpsUpgrades,PaintHolding --allow-pre-commit-input --disable-hang-monitor --disable-ipc-flooding-protection --disable-popup-blocking --disable-prompt-on-repost --disable-renderer-backgrounding --force-color-profile=srgb --metrics-recording-only --no-first-run --enable-automation --password-store=basic --use-mock-keychain --no-service-autorun --export-tagged-pdf --disable-search-engine-choice-screen --enable-use-zoom-for-dsf=false --no-sandbox --user-data-dir=/var/folders/g0/h_vmczvs61jf4r7kzhq0ypg40000gn/T/playwright_chromiumdev_profile-yBeODv --remote-debugging-pipe --no-startup-window
    <launched> pid=41779
    [pid=41779][err] [41779:259:0612/014147.096196:ERROR:policy_logger.cc(156)] :components/enterprise/browser/controller/chrome_browser_cloud_management_controller.cc(161) Cloud management controller initialization aborted as CBCM is not enabled. Please use the `--enable-chrome-browser-cloud-management` command line flag to enable it if you are not using the official Google Chrome build.
    [pid=41779][err] [0612/014147.661540:WARNING:crash_report_exception_handler.cc(235)] UniversalExceptionRaise: (os/kern) failure (5)
    [pid=41779] <process did exit: exitCode=null, signal=SIGTRAP>
    [pid=41779] starting temporary directories cleanup

]]>
</failure>
</testcase>
<testcase name="Responsive UI/UX Testing Suite › Touch and Interaction Testing › should handle touch interactions on mobile devices" classname="responsive-ui-ux.spec.ts" time="2.394">
<failure message="responsive-ui-ux.spec.ts:314:9 should handle touch interactions on mobile devices" type="FAILURE">
<![CDATA[  [tablet-portrait] › responsive-ui-ux.spec.ts:314:9 › Responsive UI/UX Testing Suite › Touch and Interaction Testing › should handle touch interactions on mobile devices 

    Error: browserContext.newPage: Target page, context or browser has been closed
    Browser logs:

    <launching> /Users/thabonyembe/Library/Caches/ms-playwright/chromium-1097/chrome-mac/Chromium.app/Contents/MacOS/Chromium --disable-field-trial-config --disable-background-networking --enable-features=NetworkService,NetworkServiceInProcess --disable-background-timer-throttling --disable-backgrounding-occluded-windows --disable-back-forward-cache --disable-breakpad --disable-client-side-phishing-detection --disable-component-extensions-with-background-pages --disable-component-update --no-default-browser-check --disable-default-apps --disable-dev-shm-usage --disable-extensions --disable-features=ImprovedCookieControls,LazyFrameLoading,GlobalMediaControls,DestroyProfileOnBrowserClose,MediaRouter,DialMediaRouteProvider,AcceptCHFrame,AutoExpandDetailsElement,CertificateTransparencyComponentUpdater,AvoidUnnecessaryBeforeUnloadCheckSync,Translate,HttpsUpgrades,PaintHolding --allow-pre-commit-input --disable-hang-monitor --disable-ipc-flooding-protection --disable-popup-blocking --disable-prompt-on-repost --disable-renderer-backgrounding --force-color-profile=srgb --metrics-recording-only --no-first-run --enable-automation --password-store=basic --use-mock-keychain --no-service-autorun --export-tagged-pdf --disable-search-engine-choice-screen --enable-use-zoom-for-dsf=false --no-sandbox --user-data-dir=/var/folders/g0/h_vmczvs61jf4r7kzhq0ypg40000gn/T/playwright_chromiumdev_profile-j9Mwga --remote-debugging-pipe --no-startup-window
    <launched> pid=41688
    [pid=41688][err] [41688:259:0612/014144.857887:ERROR:policy_logger.cc(156)] :components/enterprise/browser/controller/chrome_browser_cloud_management_controller.cc(161) Cloud management controller initialization aborted as CBCM is not enabled. Please use the `--enable-chrome-browser-cloud-management` command line flag to enable it if you are not using the official Google Chrome build.
    [pid=41688][err] [0612/014145.360498:WARNING:crash_report_exception_handler.cc(235)] UniversalExceptionRaise: (os/kern) failure (5)
    [pid=41688] <process did exit: exitCode=null, signal=SIGTRAP>
    [pid=41688] starting temporary directories cleanup


    Retry #1 ───────────────────────────────────────────────────────────────────────────────────────

    TargetClosedError: Target page, context or browser has been closed


    Retry #2 ───────────────────────────────────────────────────────────────────────────────────────

    TargetClosedError: Target page, context or browser has been closed

]]>
</failure>
</testcase>
<testcase name="Responsive UI/UX Testing Suite › Performance and Accessibility › should meet accessibility standards" classname="responsive-ui-ux.spec.ts" time="2.248">
<failure message="responsive-ui-ux.spec.ts:363:9 should meet accessibility standards" type="FAILURE">
<![CDATA[  [tablet-portrait] › responsive-ui-ux.spec.ts:363:9 › Responsive UI/UX Testing Suite › Performance and Accessibility › should meet accessibility standards 

    TargetClosedError: Target page, context or browser has been closed


    Retry #1 ───────────────────────────────────────────────────────────────────────────────────────

    TargetClosedError: Target page, context or browser has been closed


    Retry #2 ───────────────────────────────────────────────────────────────────────────────────────

    Error: browserContext.newPage: Target page, context or browser has been closed
    Browser logs:

    <launching> /Users/thabonyembe/Library/Caches/ms-playwright/chromium-1097/chrome-mac/Chromium.app/Contents/MacOS/Chromium --disable-field-trial-config --disable-background-networking --enable-features=NetworkService,NetworkServiceInProcess --disable-background-timer-throttling --disable-backgrounding-occluded-windows --disable-back-forward-cache --disable-breakpad --disable-client-side-phishing-detection --disable-component-extensions-with-background-pages --disable-component-update --no-default-browser-check --disable-default-apps --disable-dev-shm-usage --disable-extensions --disable-features=ImprovedCookieControls,LazyFrameLoading,GlobalMediaControls,DestroyProfileOnBrowserClose,MediaRouter,DialMediaRouteProvider,AcceptCHFrame,AutoExpandDetailsElement,CertificateTransparencyComponentUpdater,AvoidUnnecessaryBeforeUnloadCheckSync,Translate,HttpsUpgrades,PaintHolding --allow-pre-commit-input --disable-hang-monitor --disable-ipc-flooding-protection --disable-popup-blocking --disable-prompt-on-repost --disable-renderer-backgrounding --force-color-profile=srgb --metrics-recording-only --no-first-run --enable-automation --password-store=basic --use-mock-keychain --no-service-autorun --export-tagged-pdf --disable-search-engine-choice-screen --enable-use-zoom-for-dsf=false --no-sandbox --user-data-dir=/var/folders/g0/h_vmczvs61jf4r7kzhq0ypg40000gn/T/playwright_chromiumdev_profile-ohtdx8 --remote-debugging-pipe --no-startup-window
    <launched> pid=41814
    [pid=41814][err] [41814:259:0612/014148.245179:ERROR:policy_logger.cc(156)] :components/enterprise/browser/controller/chrome_browser_cloud_management_controller.cc(161) Cloud management controller initialization aborted as CBCM is not enabled. Please use the `--enable-chrome-browser-cloud-management` command line flag to enable it if you are not using the official Google Chrome build.
    [pid=41814][err] [0612/014148.614553:WARNING:crash_report_exception_handler.cc(235)] UniversalExceptionRaise: (os/kern) failure (5)
    [pid=41814] <process did exit: exitCode=null, signal=SIGTRAP>
    [pid=41814] starting temporary directories cleanup

]]>
</failure>
</testcase>
<testcase name="Responsive UI/UX Testing Suite › Performance and Accessibility › should have reasonable load times" classname="responsive-ui-ux.spec.ts" time="2.419">
<failure message="responsive-ui-ux.spec.ts:398:9 should have reasonable load times" type="FAILURE">
<![CDATA[  [tablet-portrait] › responsive-ui-ux.spec.ts:398:9 › Responsive UI/UX Testing Suite › Performance and Accessibility › should have reasonable load times 

    TargetClosedError: Target page, context or browser has been closed


    Retry #1 ───────────────────────────────────────────────────────────────────────────────────────

    TargetClosedError: Target page, context or browser has been closed


    Retry #2 ───────────────────────────────────────────────────────────────────────────────────────

    TargetClosedError: Target page, context or browser has been closed

]]>
</failure>
</testcase>
<testcase name="Responsive UI/UX Testing Suite › Cross-viewport Consistency › should maintain consistent branding and styling" classname="responsive-ui-ux.spec.ts" time="1.622">
<failure message="responsive-ui-ux.spec.ts:434:9 should maintain consistent branding and styling" type="FAILURE">
<![CDATA[  [tablet-portrait] › responsive-ui-ux.spec.ts:434:9 › Responsive UI/UX Testing Suite › Cross-viewport Consistency › should maintain consistent branding and styling 

    TargetClosedError: Target page, context or browser has been closed


    Retry #1 ───────────────────────────────────────────────────────────────────────────────────────

    TargetClosedError: Target page, context or browser has been closed


    Retry #2 ───────────────────────────────────────────────────────────────────────────────────────

    TargetClosedError: Target page, context or browser has been closed

]]>
</failure>
</testcase>
</testsuite>
</testsuites>