<testsuites id="" name="" tests="45" failures="2" skipped="40" errors="0" time="17.965781">
<testsuite name="basic-signup.spec.ts" timestamp="2025-06-10T20:36:55.800Z" hostname="chromium" tests="1" failures="0" skipped="0" time="4.597" errors="0">
<testcase name="Basic Signup Flow Tests â€º should load the signup page correctly" classname="basic-signup.spec.ts" time="4.597">
<system-out>
<![CDATA[âœ… Signup page loaded successfully with all form elements
]]>
</system-out>
</testcase>
</testsuite>
<testsuite name="dashboard-simple.spec.ts" timestamp="2025-06-10T20:36:55.800Z" hostname="chromium" tests="1" failures="1" skipped="0" time="16.1" errors="0">
<testcase name="Dashboard Simple Test â€º should load the dashboard page" classname="dashboard-simple.spec.ts" time="16.1">
<failure message="dashboard-simple.spec.ts:5:7 should load the dashboard page" type="FAILURE">
<![CDATA[  [chromium] â€º dashboard-simple.spec.ts:5:7 â€º Dashboard Simple Test â€º should load the dashboard page 

    Error: Timed out 5000ms waiting for expect(locator).toHaveURL(expected)

    Locator: locator(':root')
    Expected pattern: /login/
    Received string:  "http://localhost:3001/dashboard"
    Call log:
      - expect.toHaveURL with timeout 5000ms
      - waiting for locator(':root')
      -   locator resolved to <html lang="en">â€¦</html>
      -   unexpected value "http://localhost:3001/dashboard"
      -   locator resolved to <html lang="en">â€¦</html>
      -   unexpected value "http://localhost:3001/dashboard"
      -   locator resolved to <html lang="en">â€¦</html>
      -   unexpected value "http://localhost:3001/dashboard"
      -   locator resolved to <html lang="en">â€¦</html>
      -   unexpected value "http://localhost:3001/dashboard"
      -   locator resolved to <html lang="en">â€¦</html>
      -   unexpected value "http://localhost:3001/dashboard"
      -   locator resolved to <html lang="en">â€¦</html>
      -   unexpected value "http://localhost:3001/dashboard"
      -   locator resolved to <html lang="en">â€¦</html>
      -   unexpected value "http://localhost:3001/dashboard"
      -   locator resolved to <html lang="en">â€¦</html>
      -   unexpected value "http://localhost:3001/dashboard"
      -   locator resolved to <html lang="en">â€¦</html>
      -   unexpected value "http://localhost:3001/dashboard"


       7 |     
       8 |     // Should redirect to login
    >  9 |     await expect(page).toHaveURL(/login/);
         |                        ^
      10 |     
      11 |     // Check if login page loads
      12 |     await expect(page.locator('input[type="email"]')).toBeVisible();

        at /Users/thabonyembe/Documents/freeflow-app-9/tests/e2e/dashboard-simple.spec.ts:9:24

    attachment #1: screenshot (image/png) â”€â”€â”€â”€â”€â”€â”€â”€â”€â”€â”€â”€â”€â”€â”€â”€â”€â”€â”€â”€â”€â”€â”€â”€â”€â”€â”€â”€â”€â”€â”€â”€â”€â”€â”€â”€â”€â”€â”€â”€â”€â”€â”€â”€â”€â”€â”€â”€â”€â”€â”€â”€â”€â”€â”€â”€â”€â”€
    test-results/dashboard-simple-Dashboard-Simple-Test-should-load-the-dashboard-page-chromium/test-failed-1.png
    â”€â”€â”€â”€â”€â”€â”€â”€â”€â”€â”€â”€â”€â”€â”€â”€â”€â”€â”€â”€â”€â”€â”€â”€â”€â”€â”€â”€â”€â”€â”€â”€â”€â”€â”€â”€â”€â”€â”€â”€â”€â”€â”€â”€â”€â”€â”€â”€â”€â”€â”€â”€â”€â”€â”€â”€â”€â”€â”€â”€â”€â”€â”€â”€â”€â”€â”€â”€â”€â”€â”€â”€â”€â”€â”€â”€â”€â”€â”€â”€â”€â”€â”€â”€â”€â”€â”€â”€â”€â”€â”€â”€â”€â”€â”€â”€

    attachment #2: video (video/webm) â”€â”€â”€â”€â”€â”€â”€â”€â”€â”€â”€â”€â”€â”€â”€â”€â”€â”€â”€â”€â”€â”€â”€â”€â”€â”€â”€â”€â”€â”€â”€â”€â”€â”€â”€â”€â”€â”€â”€â”€â”€â”€â”€â”€â”€â”€â”€â”€â”€â”€â”€â”€â”€â”€â”€â”€â”€â”€â”€â”€â”€â”€
    test-results/dashboard-simple-Dashboard-Simple-Test-should-load-the-dashboard-page-chromium/video.webm
    â”€â”€â”€â”€â”€â”€â”€â”€â”€â”€â”€â”€â”€â”€â”€â”€â”€â”€â”€â”€â”€â”€â”€â”€â”€â”€â”€â”€â”€â”€â”€â”€â”€â”€â”€â”€â”€â”€â”€â”€â”€â”€â”€â”€â”€â”€â”€â”€â”€â”€â”€â”€â”€â”€â”€â”€â”€â”€â”€â”€â”€â”€â”€â”€â”€â”€â”€â”€â”€â”€â”€â”€â”€â”€â”€â”€â”€â”€â”€â”€â”€â”€â”€â”€â”€â”€â”€â”€â”€â”€â”€â”€â”€â”€â”€â”€

    Retry #1 â”€â”€â”€â”€â”€â”€â”€â”€â”€â”€â”€â”€â”€â”€â”€â”€â”€â”€â”€â”€â”€â”€â”€â”€â”€â”€â”€â”€â”€â”€â”€â”€â”€â”€â”€â”€â”€â”€â”€â”€â”€â”€â”€â”€â”€â”€â”€â”€â”€â”€â”€â”€â”€â”€â”€â”€â”€â”€â”€â”€â”€â”€â”€â”€â”€â”€â”€â”€â”€â”€â”€â”€â”€â”€â”€â”€â”€â”€â”€â”€â”€â”€â”€â”€â”€â”€â”€

    Error: Timed out 5000ms waiting for expect(locator).toHaveURL(expected)

    Locator: locator(':root')
    Expected pattern: /login/
    Received string:  "http://localhost:3001/dashboard"
    Call log:
      - expect.toHaveURL with timeout 5000ms
      - waiting for locator(':root')
      -   locator resolved to <html lang="en">â€¦</html>
      -   unexpected value "http://localhost:3001/dashboard"
      -   locator resolved to <html lang="en">â€¦</html>
      -   unexpected value "http://localhost:3001/dashboard"
      -   locator resolved to <html lang="en">â€¦</html>
      -   unexpected value "http://localhost:3001/dashboard"
      -   locator resolved to <html lang="en">â€¦</html>
      -   unexpected value "http://localhost:3001/dashboard"
      -   locator resolved to <html lang="en">â€¦</html>
      -   unexpected value "http://localhost:3001/dashboard"
      -   locator resolved to <html lang="en">â€¦</html>
      -   unexpected value "http://localhost:3001/dashboard"
      -   locator resolved to <html lang="en">â€¦</html>
      -   unexpected value "http://localhost:3001/dashboard"
      -   locator resolved to <html lang="en">â€¦</html>
      -   unexpected value "http://localhost:3001/dashboard"


       7 |     
       8 |     // Should redirect to login
    >  9 |     await expect(page).toHaveURL(/login/);
         |                        ^
      10 |     
      11 |     // Check if login page loads
      12 |     await expect(page.locator('input[type="email"]')).toBeVisible();

        at /Users/thabonyembe/Documents/freeflow-app-9/tests/e2e/dashboard-simple.spec.ts:9:24

    attachment #1: screenshot (image/png) â”€â”€â”€â”€â”€â”€â”€â”€â”€â”€â”€â”€â”€â”€â”€â”€â”€â”€â”€â”€â”€â”€â”€â”€â”€â”€â”€â”€â”€â”€â”€â”€â”€â”€â”€â”€â”€â”€â”€â”€â”€â”€â”€â”€â”€â”€â”€â”€â”€â”€â”€â”€â”€â”€â”€â”€â”€â”€
    test-results/dashboard-simple-Dashboard-Simple-Test-should-load-the-dashboard-page-chromium-retry1/test-failed-1.png
    â”€â”€â”€â”€â”€â”€â”€â”€â”€â”€â”€â”€â”€â”€â”€â”€â”€â”€â”€â”€â”€â”€â”€â”€â”€â”€â”€â”€â”€â”€â”€â”€â”€â”€â”€â”€â”€â”€â”€â”€â”€â”€â”€â”€â”€â”€â”€â”€â”€â”€â”€â”€â”€â”€â”€â”€â”€â”€â”€â”€â”€â”€â”€â”€â”€â”€â”€â”€â”€â”€â”€â”€â”€â”€â”€â”€â”€â”€â”€â”€â”€â”€â”€â”€â”€â”€â”€â”€â”€â”€â”€â”€â”€â”€â”€â”€

    attachment #2: video (video/webm) â”€â”€â”€â”€â”€â”€â”€â”€â”€â”€â”€â”€â”€â”€â”€â”€â”€â”€â”€â”€â”€â”€â”€â”€â”€â”€â”€â”€â”€â”€â”€â”€â”€â”€â”€â”€â”€â”€â”€â”€â”€â”€â”€â”€â”€â”€â”€â”€â”€â”€â”€â”€â”€â”€â”€â”€â”€â”€â”€â”€â”€â”€
    test-results/dashboard-simple-Dashboard-Simple-Test-should-load-the-dashboard-page-chromium-retry1/video.webm
    â”€â”€â”€â”€â”€â”€â”€â”€â”€â”€â”€â”€â”€â”€â”€â”€â”€â”€â”€â”€â”€â”€â”€â”€â”€â”€â”€â”€â”€â”€â”€â”€â”€â”€â”€â”€â”€â”€â”€â”€â”€â”€â”€â”€â”€â”€â”€â”€â”€â”€â”€â”€â”€â”€â”€â”€â”€â”€â”€â”€â”€â”€â”€â”€â”€â”€â”€â”€â”€â”€â”€â”€â”€â”€â”€â”€â”€â”€â”€â”€â”€â”€â”€â”€â”€â”€â”€â”€â”€â”€â”€â”€â”€â”€â”€â”€

    attachment #3: trace (application/zip) â”€â”€â”€â”€â”€â”€â”€â”€â”€â”€â”€â”€â”€â”€â”€â”€â”€â”€â”€â”€â”€â”€â”€â”€â”€â”€â”€â”€â”€â”€â”€â”€â”€â”€â”€â”€â”€â”€â”€â”€â”€â”€â”€â”€â”€â”€â”€â”€â”€â”€â”€â”€â”€â”€â”€â”€â”€
    test-results/dashboard-simple-Dashboard-Simple-Test-should-load-the-dashboard-page-chromium-retry1/trace.zip
    Usage:

        npx playwright show-trace test-results/dashboard-simple-Dashboard-Simple-Test-should-load-the-dashboard-page-chromium-retry1/trace.zip

    â”€â”€â”€â”€â”€â”€â”€â”€â”€â”€â”€â”€â”€â”€â”€â”€â”€â”€â”€â”€â”€â”€â”€â”€â”€â”€â”€â”€â”€â”€â”€â”€â”€â”€â”€â”€â”€â”€â”€â”€â”€â”€â”€â”€â”€â”€â”€â”€â”€â”€â”€â”€â”€â”€â”€â”€â”€â”€â”€â”€â”€â”€â”€â”€â”€â”€â”€â”€â”€â”€â”€â”€â”€â”€â”€â”€â”€â”€â”€â”€â”€â”€â”€â”€â”€â”€â”€â”€â”€â”€â”€â”€â”€â”€â”€â”€
]]>
</failure>
<system-out>
<![CDATA[
[[ATTACHMENT|dashboard-simple-Dashboard-Simple-Test-should-load-the-dashboard-page-chromium/test-failed-1.png]]

[[ATTACHMENT|dashboard-simple-Dashboard-Simple-Test-should-load-the-dashboard-page-chromium/video.webm]]

[[ATTACHMENT|dashboard-simple-Dashboard-Simple-Test-should-load-the-dashboard-page-chromium-retry1/test-failed-1.png]]

[[ATTACHMENT|dashboard-simple-Dashboard-Simple-Test-should-load-the-dashboard-page-chromium-retry1/video.webm]]

[[ATTACHMENT|dashboard-simple-Dashboard-Simple-Test-should-load-the-dashboard-page-chromium-retry1/trace.zip]]
]]>
</system-out>
</testcase>
</testsuite>
<testsuite name="dashboard.spec.ts" timestamp="2025-06-10T20:36:55.800Z" hostname="chromium" tests="1" failures="0" skipped="1" time="17.373" errors="0">
<testcase name="Dashboard Tests â€º should load dashboard page successfully" classname="dashboard.spec.ts" time="17.373">
<skipped>
</skipped>
</testcase>
</testsuite>
<testsuite name="freeflowzee-comprehensive-test-suite.spec.ts" timestamp="2025-06-10T20:36:55.800Z" hostname="chromium" tests="5" failures="1" skipped="2" time="22.773" errors="0">
<testcase name="ğŸ  Landing Page &amp; Navigation System â€º should load landing page with all essential elements" classname="freeflowzee-comprehensive-test-suite.spec.ts" time="7.796">
<failure message="freeflowzee-comprehensive-test-suite.spec.ts:36:7 should load landing page with all essential elements" type="FAILURE">
<![CDATA[  [chromium] â€º freeflowzee-comprehensive-test-suite.spec.ts:36:7 â€º ğŸ  Landing Page & Navigation System â€º should load landing page with all essential elements 

    Error: expect.toBeVisible: Error: strict mode violation: getByRole('link', { name: 'Creator Login' }) resolved to 2 elements:
        1) <a href="/login?redirect=/dashboard">â€¦</a> aka getByTestId('hero-cta-buttons').getByRole('link', { name: 'Creator Login' })
        2) <a href="/login?redirect=/dashboard">â€¦</a> aka getByRole('link', { name: 'Creator Login' }).nth(1)

    Call log:
      - expect.toBeVisible with timeout 5000ms
      - waiting for getByRole('link', { name: 'Creator Login' })


      42 |     
      43 |     // Verify main CTAs are present
    > 44 |     await expect(page.getByRole('link', { name: 'Creator Login' })).toBeVisible()
         |                                                                     ^
      45 |     await expect(page.getByRole('link', { name: 'Client Access' })).toBeVisible()
      46 |     await expect(page.getByRole('link', { name: 'Watch Demo' })).toBeVisible()
      47 |     

        at /Users/thabonyembe/Documents/freeflow-app-9/tests/e2e/freeflowzee-comprehensive-test-suite.spec.ts:44:69

    attachment #1: screenshot (image/png) â”€â”€â”€â”€â”€â”€â”€â”€â”€â”€â”€â”€â”€â”€â”€â”€â”€â”€â”€â”€â”€â”€â”€â”€â”€â”€â”€â”€â”€â”€â”€â”€â”€â”€â”€â”€â”€â”€â”€â”€â”€â”€â”€â”€â”€â”€â”€â”€â”€â”€â”€â”€â”€â”€â”€â”€â”€â”€
    test-results/freeflowzee-comprehensive-test-suite-ğŸ -Landin-bf8a6-d-load-landing-page-with-all-essential-elements-chromium/test-failed-1.png
    â”€â”€â”€â”€â”€â”€â”€â”€â”€â”€â”€â”€â”€â”€â”€â”€â”€â”€â”€â”€â”€â”€â”€â”€â”€â”€â”€â”€â”€â”€â”€â”€â”€â”€â”€â”€â”€â”€â”€â”€â”€â”€â”€â”€â”€â”€â”€â”€â”€â”€â”€â”€â”€â”€â”€â”€â”€â”€â”€â”€â”€â”€â”€â”€â”€â”€â”€â”€â”€â”€â”€â”€â”€â”€â”€â”€â”€â”€â”€â”€â”€â”€â”€â”€â”€â”€â”€â”€â”€â”€â”€â”€â”€â”€â”€â”€

    attachment #2: video (video/webm) â”€â”€â”€â”€â”€â”€â”€â”€â”€â”€â”€â”€â”€â”€â”€â”€â”€â”€â”€â”€â”€â”€â”€â”€â”€â”€â”€â”€â”€â”€â”€â”€â”€â”€â”€â”€â”€â”€â”€â”€â”€â”€â”€â”€â”€â”€â”€â”€â”€â”€â”€â”€â”€â”€â”€â”€â”€â”€â”€â”€â”€â”€
    test-results/freeflowzee-comprehensive-test-suite-ğŸ -Landin-bf8a6-d-load-landing-page-with-all-essential-elements-chromium/video.webm
    â”€â”€â”€â”€â”€â”€â”€â”€â”€â”€â”€â”€â”€â”€â”€â”€â”€â”€â”€â”€â”€â”€â”€â”€â”€â”€â”€â”€â”€â”€â”€â”€â”€â”€â”€â”€â”€â”€â”€â”€â”€â”€â”€â”€â”€â”€â”€â”€â”€â”€â”€â”€â”€â”€â”€â”€â”€â”€â”€â”€â”€â”€â”€â”€â”€â”€â”€â”€â”€â”€â”€â”€â”€â”€â”€â”€â”€â”€â”€â”€â”€â”€â”€â”€â”€â”€â”€â”€â”€â”€â”€â”€â”€â”€â”€â”€

    Retry #1 â”€â”€â”€â”€â”€â”€â”€â”€â”€â”€â”€â”€â”€â”€â”€â”€â”€â”€â”€â”€â”€â”€â”€â”€â”€â”€â”€â”€â”€â”€â”€â”€â”€â”€â”€â”€â”€â”€â”€â”€â”€â”€â”€â”€â”€â”€â”€â”€â”€â”€â”€â”€â”€â”€â”€â”€â”€â”€â”€â”€â”€â”€â”€â”€â”€â”€â”€â”€â”€â”€â”€â”€â”€â”€â”€â”€â”€â”€â”€â”€â”€â”€â”€â”€â”€â”€â”€

    Error: expect.toBeVisible: Error: strict mode violation: getByRole('link', { name: 'Creator Login' }) resolved to 2 elements:
        1) <a href="/login?redirect=/dashboard">â€¦</a> aka getByTestId('hero-cta-buttons').getByRole('link', { name: 'Creator Login' })
        2) <a href="/login?redirect=/dashboard">â€¦</a> aka getByRole('link', { name: 'Creator Login' }).nth(1)

    Call log:
      - expect.toBeVisible with timeout 5000ms
      - waiting for getByRole('link', { name: 'Creator Login' })


      42 |     
      43 |     // Verify main CTAs are present
    > 44 |     await expect(page.getByRole('link', { name: 'Creator Login' })).toBeVisible()
         |                                                                     ^
      45 |     await expect(page.getByRole('link', { name: 'Client Access' })).toBeVisible()
      46 |     await expect(page.getByRole('link', { name: 'Watch Demo' })).toBeVisible()
      47 |     

        at /Users/thabonyembe/Documents/freeflow-app-9/tests/e2e/freeflowzee-comprehensive-test-suite.spec.ts:44:69

    attachment #1: screenshot (image/png) â”€â”€â”€â”€â”€â”€â”€â”€â”€â”€â”€â”€â”€â”€â”€â”€â”€â”€â”€â”€â”€â”€â”€â”€â”€â”€â”€â”€â”€â”€â”€â”€â”€â”€â”€â”€â”€â”€â”€â”€â”€â”€â”€â”€â”€â”€â”€â”€â”€â”€â”€â”€â”€â”€â”€â”€â”€â”€
    test-results/freeflowzee-comprehensive-test-suite-ğŸ -Landin-bf8a6-d-load-landing-page-with-all-essential-elements-chromium-retry1/test-failed-1.png
    â”€â”€â”€â”€â”€â”€â”€â”€â”€â”€â”€â”€â”€â”€â”€â”€â”€â”€â”€â”€â”€â”€â”€â”€â”€â”€â”€â”€â”€â”€â”€â”€â”€â”€â”€â”€â”€â”€â”€â”€â”€â”€â”€â”€â”€â”€â”€â”€â”€â”€â”€â”€â”€â”€â”€â”€â”€â”€â”€â”€â”€â”€â”€â”€â”€â”€â”€â”€â”€â”€â”€â”€â”€â”€â”€â”€â”€â”€â”€â”€â”€â”€â”€â”€â”€â”€â”€â”€â”€â”€â”€â”€â”€â”€â”€â”€

    attachment #2: video (video/webm) â”€â”€â”€â”€â”€â”€â”€â”€â”€â”€â”€â”€â”€â”€â”€â”€â”€â”€â”€â”€â”€â”€â”€â”€â”€â”€â”€â”€â”€â”€â”€â”€â”€â”€â”€â”€â”€â”€â”€â”€â”€â”€â”€â”€â”€â”€â”€â”€â”€â”€â”€â”€â”€â”€â”€â”€â”€â”€â”€â”€â”€â”€
    test-results/freeflowzee-comprehensive-test-suite-ğŸ -Landin-bf8a6-d-load-landing-page-with-all-essential-elements-chromium-retry1/video.webm
    â”€â”€â”€â”€â”€â”€â”€â”€â”€â”€â”€â”€â”€â”€â”€â”€â”€â”€â”€â”€â”€â”€â”€â”€â”€â”€â”€â”€â”€â”€â”€â”€â”€â”€â”€â”€â”€â”€â”€â”€â”€â”€â”€â”€â”€â”€â”€â”€â”€â”€â”€â”€â”€â”€â”€â”€â”€â”€â”€â”€â”€â”€â”€â”€â”€â”€â”€â”€â”€â”€â”€â”€â”€â”€â”€â”€â”€â”€â”€â”€â”€â”€â”€â”€â”€â”€â”€â”€â”€â”€â”€â”€â”€â”€â”€â”€

    attachment #3: trace (application/zip) â”€â”€â”€â”€â”€â”€â”€â”€â”€â”€â”€â”€â”€â”€â”€â”€â”€â”€â”€â”€â”€â”€â”€â”€â”€â”€â”€â”€â”€â”€â”€â”€â”€â”€â”€â”€â”€â”€â”€â”€â”€â”€â”€â”€â”€â”€â”€â”€â”€â”€â”€â”€â”€â”€â”€â”€â”€
    test-results/freeflowzee-comprehensive-test-suite-ğŸ -Landin-bf8a6-d-load-landing-page-with-all-essential-elements-chromium-retry1/trace.zip
    Usage:

        npx playwright show-trace test-results/freeflowzee-comprehensive-test-suite-ğŸ -Landin-bf8a6-d-load-landing-page-with-all-essential-elements-chromium-retry1/trace.zip

    â”€â”€â”€â”€â”€â”€â”€â”€â”€â”€â”€â”€â”€â”€â”€â”€â”€â”€â”€â”€â”€â”€â”€â”€â”€â”€â”€â”€â”€â”€â”€â”€â”€â”€â”€â”€â”€â”€â”€â”€â”€â”€â”€â”€â”€â”€â”€â”€â”€â”€â”€â”€â”€â”€â”€â”€â”€â”€â”€â”€â”€â”€â”€â”€â”€â”€â”€â”€â”€â”€â”€â”€â”€â”€â”€â”€â”€â”€â”€â”€â”€â”€â”€â”€â”€â”€â”€â”€â”€â”€â”€â”€â”€â”€â”€â”€

    Retry #2 â”€â”€â”€â”€â”€â”€â”€â”€â”€â”€â”€â”€â”€â”€â”€â”€â”€â”€â”€â”€â”€â”€â”€â”€â”€â”€â”€â”€â”€â”€â”€â”€â”€â”€â”€â”€â”€â”€â”€â”€â”€â”€â”€â”€â”€â”€â”€â”€â”€â”€â”€â”€â”€â”€â”€â”€â”€â”€â”€â”€â”€â”€â”€â”€â”€â”€â”€â”€â”€â”€â”€â”€â”€â”€â”€â”€â”€â”€â”€â”€â”€â”€â”€â”€â”€â”€â”€

    Error: expect.toBeVisible: Error: strict mode violation: getByRole('link', { name: 'Creator Login' }) resolved to 2 elements:
        1) <a href="/login?redirect=/dashboard">â€¦</a> aka getByTestId('hero-cta-buttons').getByRole('link', { name: 'Creator Login' })
        2) <a href="/login?redirect=/dashboard">â€¦</a> aka getByRole('link', { name: 'Creator Login' }).nth(1)

    Call log:
      - expect.toBeVisible with timeout 5000ms
      - waiting for getByRole('link', { name: 'Creator Login' })


      42 |     
      43 |     // Verify main CTAs are present
    > 44 |     await expect(page.getByRole('link', { name: 'Creator Login' })).toBeVisible()
         |                                                                     ^
      45 |     await expect(page.getByRole('link', { name: 'Client Access' })).toBeVisible()
      46 |     await expect(page.getByRole('link', { name: 'Watch Demo' })).toBeVisible()
      47 |     

        at /Users/thabonyembe/Documents/freeflow-app-9/tests/e2e/freeflowzee-comprehensive-test-suite.spec.ts:44:69

    attachment #1: screenshot (image/png) â”€â”€â”€â”€â”€â”€â”€â”€â”€â”€â”€â”€â”€â”€â”€â”€â”€â”€â”€â”€â”€â”€â”€â”€â”€â”€â”€â”€â”€â”€â”€â”€â”€â”€â”€â”€â”€â”€â”€â”€â”€â”€â”€â”€â”€â”€â”€â”€â”€â”€â”€â”€â”€â”€â”€â”€â”€â”€
    test-results/freeflowzee-comprehensive-test-suite-ğŸ -Landin-bf8a6-d-load-landing-page-with-all-essential-elements-chromium-retry2/test-failed-1.png
    â”€â”€â”€â”€â”€â”€â”€â”€â”€â”€â”€â”€â”€â”€â”€â”€â”€â”€â”€â”€â”€â”€â”€â”€â”€â”€â”€â”€â”€â”€â”€â”€â”€â”€â”€â”€â”€â”€â”€â”€â”€â”€â”€â”€â”€â”€â”€â”€â”€â”€â”€â”€â”€â”€â”€â”€â”€â”€â”€â”€â”€â”€â”€â”€â”€â”€â”€â”€â”€â”€â”€â”€â”€â”€â”€â”€â”€â”€â”€â”€â”€â”€â”€â”€â”€â”€â”€â”€â”€â”€â”€â”€â”€â”€â”€â”€

    attachment #2: video (video/webm) â”€â”€â”€â”€â”€â”€â”€â”€â”€â”€â”€â”€â”€â”€â”€â”€â”€â”€â”€â”€â”€â”€â”€â”€â”€â”€â”€â”€â”€â”€â”€â”€â”€â”€â”€â”€â”€â”€â”€â”€â”€â”€â”€â”€â”€â”€â”€â”€â”€â”€â”€â”€â”€â”€â”€â”€â”€â”€â”€â”€â”€â”€
    test-results/freeflowzee-comprehensive-test-suite-ğŸ -Landin-bf8a6-d-load-landing-page-with-all-essential-elements-chromium-retry2/video.webm
    â”€â”€â”€â”€â”€â”€â”€â”€â”€â”€â”€â”€â”€â”€â”€â”€â”€â”€â”€â”€â”€â”€â”€â”€â”€â”€â”€â”€â”€â”€â”€â”€â”€â”€â”€â”€â”€â”€â”€â”€â”€â”€â”€â”€â”€â”€â”€â”€â”€â”€â”€â”€â”€â”€â”€â”€â”€â”€â”€â”€â”€â”€â”€â”€â”€â”€â”€â”€â”€â”€â”€â”€â”€â”€â”€â”€â”€â”€â”€â”€â”€â”€â”€â”€â”€â”€â”€â”€â”€â”€â”€â”€â”€â”€â”€â”€
]]>
</failure>
<system-out>
<![CDATA[
ğŸ‰ FreeflowZee Comprehensive Test Suite Complete!
ğŸ“Š Summary:
   â€¢ Landing Page & Navigation âœ…
   â€¢ Authentication System âœ…
   â€¢ Client Payment System âœ…
   â€¢ Public Pages âœ…
   â€¢ Dashboard Navigation âœ…
   â€¢ Responsive Design âœ…
   â€¢ Performance & Security âœ…
   â€¢ External Links âœ…
   â€¢ Edge Cases âœ…
ğŸš€ Application Status: Production Ready!

[[ATTACHMENT|freeflowzee-comprehensive-test-suite-ğŸ -Landin-bf8a6-d-load-landing-page-with-all-essential-elements-chromium/test-failed-1.png]]

[[ATTACHMENT|freeflowzee-comprehensive-test-suite-ğŸ -Landin-bf8a6-d-load-landing-page-with-all-essential-elements-chromium/video.webm]]

ğŸ‰ FreeflowZee Comprehensive Test Suite Complete!
ğŸ“Š Summary:
   â€¢ Landing Page & Navigation âœ…
   â€¢ Authentication System âœ…
   â€¢ Client Payment System âœ…
   â€¢ Public Pages âœ…
   â€¢ Dashboard Navigation âœ…
   â€¢ Responsive Design âœ…
   â€¢ Performance & Security âœ…
   â€¢ External Links âœ…
   â€¢ Edge Cases âœ…
ğŸš€ Application Status: Production Ready!

[[ATTACHMENT|freeflowzee-comprehensive-test-suite-ğŸ -Landin-bf8a6-d-load-landing-page-with-all-essential-elements-chromium-retry1/test-failed-1.png]]

[[ATTACHMENT|freeflowzee-comprehensive-test-suite-ğŸ -Landin-bf8a6-d-load-landing-page-with-all-essential-elements-chromium-retry1/video.webm]]

[[ATTACHMENT|freeflowzee-comprehensive-test-suite-ğŸ -Landin-bf8a6-d-load-landing-page-with-all-essential-elements-chromium-retry1/trace.zip]]

ğŸ‰ FreeflowZee Comprehensive Test Suite Complete!
ğŸ“Š Summary:
   â€¢ Landing Page & Navigation âœ…
   â€¢ Authentication System âœ…
   â€¢ Client Payment System âœ…
   â€¢ Public Pages âœ…
   â€¢ Dashboard Navigation âœ…
   â€¢ Responsive Design âœ…
   â€¢ Performance & Security âœ…
   â€¢ External Links âœ…
   â€¢ Edge Cases âœ…
ğŸš€ Application Status: Production Ready!

[[ATTACHMENT|freeflowzee-comprehensive-test-suite-ğŸ -Landin-bf8a6-d-load-landing-page-with-all-essential-elements-chromium-retry2/test-failed-1.png]]

[[ATTACHMENT|freeflowzee-comprehensive-test-suite-ğŸ -Landin-bf8a6-d-load-landing-page-with-all-essential-elements-chromium-retry2/video.webm]]
]]>
</system-out>
</testcase>
<testcase name="ğŸ’³ Client Payment System â€º should load payment page with project details" classname="freeflowzee-comprehensive-test-suite.spec.ts" time="0.929">
<system-out>
<![CDATA[Access levels may have different structure
âœ… Payment page loads with project details

ğŸ‰ FreeflowZee Comprehensive Test Suite Complete!
ğŸ“Š Summary:
   â€¢ Landing Page & Navigation âœ…
   â€¢ Authentication System âœ…
   â€¢ Client Payment System âœ…
   â€¢ Public Pages âœ…
   â€¢ Dashboard Navigation âœ…
   â€¢ Responsive Design âœ…
   â€¢ Performance & Security âœ…
   â€¢ External Links âœ…
   â€¢ Edge Cases âœ…
ğŸš€ Application Status: Production Ready!
]]>
</system-out>
</testcase>
<testcase name="ğŸ“„ Public Pages â€º should load all public pages without errors" classname="freeflowzee-comprehensive-test-suite.spec.ts" time="12.73">
<skipped>
</skipped>
</testcase>
<testcase name="ğŸ“„ Public Pages â€º should load footer pages" classname="freeflowzee-comprehensive-test-suite.spec.ts" time="0">
<skipped>
</skipped>
</testcase>
<testcase name="âš¡ Performance &amp; Security â€º should load pages within reasonable time" classname="freeflowzee-comprehensive-test-suite.spec.ts" time="1.318">
<system-out>
<![CDATA[âœ… Page loaded in 924ms

ğŸ‰ FreeflowZee Comprehensive Test Suite Complete!
ğŸ“Š Summary:
   â€¢ Landing Page & Navigation âœ…
   â€¢ Authentication System âœ…
   â€¢ Client Payment System âœ…
   â€¢ Public Pages âœ…
   â€¢ Dashboard Navigation âœ…
   â€¢ Responsive Design âœ…
   â€¢ Performance & Security âœ…
   â€¢ External Links âœ…
   â€¢ Edge Cases âœ…
ğŸš€ Application Status: Production Ready!
]]>
</system-out>
</testcase>
</testsuite>
<testsuite name="payment-comprehensive.spec.ts" timestamp="2025-06-10T20:36:55.800Z" hostname="chromium" tests="1" failures="0" skipped="1" time="4.818" errors="0">
<testcase name="Payment System Comprehensive Tests â€º should load payment page with all access methods" classname="payment-comprehensive.spec.ts" time="4.818">
<skipped>
</skipped>
</testcase>
</testsuite>
<testsuite name="basic-signup.spec.ts" timestamp="2025-06-10T20:36:55.800Z" hostname="firefox" tests="1" failures="0" skipped="1" time="0" errors="0">
<testcase name="Basic Signup Flow Tests â€º should load the signup page correctly" classname="basic-signup.spec.ts" time="0">
<skipped>
</skipped>
</testcase>
</testsuite>
<testsuite name="dashboard-simple.spec.ts" timestamp="2025-06-10T20:36:55.800Z" hostname="firefox" tests="1" failures="0" skipped="1" time="0" errors="0">
<testcase name="Dashboard Simple Test â€º should load the dashboard page" classname="dashboard-simple.spec.ts" time="0">
<skipped>
</skipped>
</testcase>
</testsuite>
<testsuite name="dashboard.spec.ts" timestamp="2025-06-10T20:36:55.800Z" hostname="firefox" tests="1" failures="0" skipped="1" time="0" errors="0">
<testcase name="Dashboard Tests â€º should load dashboard page successfully" classname="dashboard.spec.ts" time="0">
<skipped>
</skipped>
</testcase>
</testsuite>
<testsuite name="freeflowzee-comprehensive-test-suite.spec.ts" timestamp="2025-06-10T20:36:55.800Z" hostname="firefox" tests="5" failures="0" skipped="5" time="0" errors="0">
<testcase name="ğŸ  Landing Page &amp; Navigation System â€º should load landing page with all essential elements" classname="freeflowzee-comprehensive-test-suite.spec.ts" time="0">
<skipped>
</skipped>
</testcase>
<testcase name="ğŸ’³ Client Payment System â€º should load payment page with project details" classname="freeflowzee-comprehensive-test-suite.spec.ts" time="0">
<skipped>
</skipped>
</testcase>
<testcase name="ğŸ“„ Public Pages â€º should load all public pages without errors" classname="freeflowzee-comprehensive-test-suite.spec.ts" time="0">
<skipped>
</skipped>
</testcase>
<testcase name="ğŸ“„ Public Pages â€º should load footer pages" classname="freeflowzee-comprehensive-test-suite.spec.ts" time="0">
<skipped>
</skipped>
</testcase>
<testcase name="âš¡ Performance &amp; Security â€º should load pages within reasonable time" classname="freeflowzee-comprehensive-test-suite.spec.ts" time="0">
<skipped>
</skipped>
</testcase>
</testsuite>
<testsuite name="payment-comprehensive.spec.ts" timestamp="2025-06-10T20:36:55.800Z" hostname="firefox" tests="1" failures="0" skipped="1" time="0" errors="0">
<testcase name="Payment System Comprehensive Tests â€º should load payment page with all access methods" classname="payment-comprehensive.spec.ts" time="0">
<skipped>
</skipped>
</testcase>
</testsuite>
<testsuite name="basic-signup.spec.ts" timestamp="2025-06-10T20:36:55.800Z" hostname="webkit" tests="1" failures="0" skipped="1" time="0" errors="0">
<testcase name="Basic Signup Flow Tests â€º should load the signup page correctly" classname="basic-signup.spec.ts" time="0">
<skipped>
</skipped>
</testcase>
</testsuite>
<testsuite name="dashboard-simple.spec.ts" timestamp="2025-06-10T20:36:55.800Z" hostname="webkit" tests="1" failures="0" skipped="1" time="0" errors="0">
<testcase name="Dashboard Simple Test â€º should load the dashboard page" classname="dashboard-simple.spec.ts" time="0">
<skipped>
</skipped>
</testcase>
</testsuite>
<testsuite name="dashboard.spec.ts" timestamp="2025-06-10T20:36:55.800Z" hostname="webkit" tests="1" failures="0" skipped="1" time="0" errors="0">
<testcase name="Dashboard Tests â€º should load dashboard page successfully" classname="dashboard.spec.ts" time="0">
<skipped>
</skipped>
</testcase>
</testsuite>
<testsuite name="freeflowzee-comprehensive-test-suite.spec.ts" timestamp="2025-06-10T20:36:55.800Z" hostname="webkit" tests="5" failures="0" skipped="5" time="0" errors="0">
<testcase name="ğŸ  Landing Page &amp; Navigation System â€º should load landing page with all essential elements" classname="freeflowzee-comprehensive-test-suite.spec.ts" time="0">
<skipped>
</skipped>
</testcase>
<testcase name="ğŸ’³ Client Payment System â€º should load payment page with project details" classname="freeflowzee-comprehensive-test-suite.spec.ts" time="0">
<skipped>
</skipped>
</testcase>
<testcase name="ğŸ“„ Public Pages â€º should load all public pages without errors" classname="freeflowzee-comprehensive-test-suite.spec.ts" time="0">
<skipped>
</skipped>
</testcase>
<testcase name="ğŸ“„ Public Pages â€º should load footer pages" classname="freeflowzee-comprehensive-test-suite.spec.ts" time="0">
<skipped>
</skipped>
</testcase>
<testcase name="âš¡ Performance &amp; Security â€º should load pages within reasonable time" classname="freeflowzee-comprehensive-test-suite.spec.ts" time="0">
<skipped>
</skipped>
</testcase>
</testsuite>
<testsuite name="payment-comprehensive.spec.ts" timestamp="2025-06-10T20:36:55.800Z" hostname="webkit" tests="1" failures="0" skipped="1" time="0" errors="0">
<testcase name="Payment System Comprehensive Tests â€º should load payment page with all access methods" classname="payment-comprehensive.spec.ts" time="0">
<skipped>
</skipped>
</testcase>
</testsuite>
<testsuite name="basic-signup.spec.ts" timestamp="2025-06-10T20:36:55.800Z" hostname="Mobile Chrome" tests="1" failures="0" skipped="1" time="0" errors="0">
<testcase name="Basic Signup Flow Tests â€º should load the signup page correctly" classname="basic-signup.spec.ts" time="0">
<skipped>
</skipped>
</testcase>
</testsuite>
<testsuite name="dashboard-simple.spec.ts" timestamp="2025-06-10T20:36:55.800Z" hostname="Mobile Chrome" tests="1" failures="0" skipped="1" time="0" errors="0">
<testcase name="Dashboard Simple Test â€º should load the dashboard page" classname="dashboard-simple.spec.ts" time="0">
<skipped>
</skipped>
</testcase>
</testsuite>
<testsuite name="dashboard.spec.ts" timestamp="2025-06-10T20:36:55.800Z" hostname="Mobile Chrome" tests="1" failures="0" skipped="1" time="0" errors="0">
<testcase name="Dashboard Tests â€º should load dashboard page successfully" classname="dashboard.spec.ts" time="0">
<skipped>
</skipped>
</testcase>
</testsuite>
<testsuite name="freeflowzee-comprehensive-test-suite.spec.ts" timestamp="2025-06-10T20:36:55.800Z" hostname="Mobile Chrome" tests="5" failures="0" skipped="5" time="0" errors="0">
<testcase name="ğŸ  Landing Page &amp; Navigation System â€º should load landing page with all essential elements" classname="freeflowzee-comprehensive-test-suite.spec.ts" time="0">
<skipped>
</skipped>
</testcase>
<testcase name="ğŸ’³ Client Payment System â€º should load payment page with project details" classname="freeflowzee-comprehensive-test-suite.spec.ts" time="0">
<skipped>
</skipped>
</testcase>
<testcase name="ğŸ“„ Public Pages â€º should load all public pages without errors" classname="freeflowzee-comprehensive-test-suite.spec.ts" time="0">
<skipped>
</skipped>
</testcase>
<testcase name="ğŸ“„ Public Pages â€º should load footer pages" classname="freeflowzee-comprehensive-test-suite.spec.ts" time="0">
<skipped>
</skipped>
</testcase>
<testcase name="âš¡ Performance &amp; Security â€º should load pages within reasonable time" classname="freeflowzee-comprehensive-test-suite.spec.ts" time="0">
<skipped>
</skipped>
</testcase>
</testsuite>
<testsuite name="payment-comprehensive.spec.ts" timestamp="2025-06-10T20:36:55.800Z" hostname="Mobile Chrome" tests="1" failures="0" skipped="1" time="0" errors="0">
<testcase name="Payment System Comprehensive Tests â€º should load payment page with all access methods" classname="payment-comprehensive.spec.ts" time="0">
<skipped>
</skipped>
</testcase>
</testsuite>
<testsuite name="basic-signup.spec.ts" timestamp="2025-06-10T20:36:55.800Z" hostname="Mobile Safari" tests="1" failures="0" skipped="1" time="0" errors="0">
<testcase name="Basic Signup Flow Tests â€º should load the signup page correctly" classname="basic-signup.spec.ts" time="0">
<skipped>
</skipped>
</testcase>
</testsuite>
<testsuite name="dashboard-simple.spec.ts" timestamp="2025-06-10T20:36:55.800Z" hostname="Mobile Safari" tests="1" failures="0" skipped="1" time="0" errors="0">
<testcase name="Dashboard Simple Test â€º should load the dashboard page" classname="dashboard-simple.spec.ts" time="0">
<skipped>
</skipped>
</testcase>
</testsuite>
<testsuite name="dashboard.spec.ts" timestamp="2025-06-10T20:36:55.800Z" hostname="Mobile Safari" tests="1" failures="0" skipped="1" time="0" errors="0">
<testcase name="Dashboard Tests â€º should load dashboard page successfully" classname="dashboard.spec.ts" time="0">
<skipped>
</skipped>
</testcase>
</testsuite>
<testsuite name="freeflowzee-comprehensive-test-suite.spec.ts" timestamp="2025-06-10T20:36:55.800Z" hostname="Mobile Safari" tests="5" failures="0" skipped="5" time="0" errors="0">
<testcase name="ğŸ  Landing Page &amp; Navigation System â€º should load landing page with all essential elements" classname="freeflowzee-comprehensive-test-suite.spec.ts" time="0">
<skipped>
</skipped>
</testcase>
<testcase name="ğŸ’³ Client Payment System â€º should load payment page with project details" classname="freeflowzee-comprehensive-test-suite.spec.ts" time="0">
<skipped>
</skipped>
</testcase>
<testcase name="ğŸ“„ Public Pages â€º should load all public pages without errors" classname="freeflowzee-comprehensive-test-suite.spec.ts" time="0">
<skipped>
</skipped>
</testcase>
<testcase name="ğŸ“„ Public Pages â€º should load footer pages" classname="freeflowzee-comprehensive-test-suite.spec.ts" time="0">
<skipped>
</skipped>
</testcase>
<testcase name="âš¡ Performance &amp; Security â€º should load pages within reasonable time" classname="freeflowzee-comprehensive-test-suite.spec.ts" time="0">
<skipped>
</skipped>
</testcase>
</testsuite>
<testsuite name="payment-comprehensive.spec.ts" timestamp="2025-06-10T20:36:55.800Z" hostname="Mobile Safari" tests="1" failures="0" skipped="1" time="0" errors="0">
<testcase name="Payment System Comprehensive Tests â€º should load payment page with all access methods" classname="payment-comprehensive.spec.ts" time="0">
<skipped>
</skipped>
</testcase>
</testsuite>
</testsuites>